#
# There is insufficient memory for the Java Runtime Environment to continue.
# Native memory allocation (malloc) failed to allocate 32744 bytes. Error detail: Chunk::new
# Possible reasons:
#   The system is out of physical RAM or swap space
#   This process is running with CompressedOops enabled, and the Java Heap may be blocking the growth of the native heap
# Possible solutions:
#   Reduce memory load on the system
#   Increase physical memory or swap space
#   Check if swap backing store is full
#   Decrease Java heap size (-Xmx/-Xms)
#   Decrease number of Java threads
#   Decrease Java thread stack sizes (-Xss)
#   Set larger code cache with -XX:ReservedCodeCacheSize=
#   JVM is running with Zero Based Compressed Oops mode in which the Java heap is
#     placed in the first 32GB address space. The Java Heap base address is the
#     maximum limit for the native heap growth. Please use -XX:HeapBaseMinAddress
#     to set the Java Heap base and to place the Java Heap above 32GB virtual address.
# This output file may be truncated or incomplete.
#
#  Out of Memory Error (arena.cpp:149), pid=13732, tid=26472
#
# JRE version: OpenJDK Runtime Environment Corretto-23.0.2.7.1 (23.0.2+7) (build 23.0.2+7-FR)
# Java VM: OpenJDK 64-Bit Server VM Corretto-23.0.2.7.1 (23.0.2+7-FR, mixed mode, sharing, tiered, compressed oops, compressed class ptrs, g1 gc, windows-amd64)
# No core dump will be written. Minidumps are not enabled by default on client versions of Windows
#

---------------  S U M M A R Y ------------

Command Line: -Dmaven.multiModuleProjectDirectory=D:\3emeA42\JavaSem1\outi-d-desktop -Djansi.passthrough=true -Dmaven.home=C:\Program Files\JetBrains\IntelliJ IDEA 2023.3.4\plugins\maven\lib\maven3 -Dclassworlds.conf=C:\Program Files\JetBrains\IntelliJ IDEA 2023.3.4\plugins\maven\lib\maven3\bin\m2.conf -Dmaven.ext.class.path=C:\Program Files\JetBrains\IntelliJ IDEA 2023.3.4\plugins\maven\lib\maven-event-listener.jar -javaagent:C:\Program Files\JetBrains\IntelliJ IDEA 2023.3.4\lib\idea_rt.jar=58544:C:\Program Files\JetBrains\IntelliJ IDEA 2023.3.4\bin -Dfile.encoding=UTF-8 -Dsun.stdout.encoding=UTF-8 -Dsun.stderr.encoding=UTF-8 org.codehaus.classworlds.Launcher -Didea.version=2023.3.8 org.apache.maven.plugins:maven-compiler-plugin:3.8.1:compile

Host: Intel(R) Core(TM) i3-10110U CPU @ 2.10GHz, 4 cores, 19G,  Windows 11 , 64 bit Build 26100 (10.0.26100.3775)
Time: Tue May 13 18:18:19 2025 W. Central Africa Standard Time elapsed time: 13.507577 seconds (0d 0h 0m 13s)

---------------  T H R E A D  ---------------

Current thread (0x000001757e89db00):  JavaThread "C1 CompilerThread0" daemon [_thread_in_native, id=26472, stack(0x0000004e76e00000,0x0000004e76f00000) (1024K)]


Current CompileTask:
C1:13507  677       3       java.lang.invoke.MethodType::genericMethodType (95 bytes)

Stack: [0x0000004e76e00000,0x0000004e76f00000]
Native frames: (J=compiled Java code, j=interpreted, Vv=VM code, C=native code)
V  [jvm.dll+0x6f3b69]  (no source info available)
V  [jvm.dll+0x8e5d05]  (no source info available)
V  [jvm.dll+0x8e7fbe]  (no source info available)
V  [jvm.dll+0x8e86a3]  (no source info available)
V  [jvm.dll+0x285ee6]  (no source info available)
V  [jvm.dll+0xbd2df]  (no source info available)
V  [jvm.dll+0xbd53b]  (no source info available)
V  [jvm.dll+0x1988e7]  (no source info available)
V  [jvm.dll+0x199442]  (no source info available)
V  [jvm.dll+0x1994fd]  (no source info available)
V  [jvm.dll+0x19bc0e]  (no source info available)
V  [jvm.dll+0x19d754]  (no source info available)
V  [jvm.dll+0x156442]  (no source info available)
V  [jvm.dll+0x155c2e]  (no source info available)
V  [jvm.dll+0x155eeb]  (no source info available)
V  [jvm.dll+0x1551f1]  (no source info available)
V  [jvm.dll+0x1570a1]  (no source info available)
V  [jvm.dll+0x25e6b1]  (no source info available)
V  [jvm.dll+0x25c97b]  (no source info available)
V  [jvm.dll+0x3fd8f6]  (no source info available)
V  [jvm.dll+0x88b4a8]  (no source info available)
V  [jvm.dll+0x6f23a5]  (no source info available)
C  [ucrtbase.dll+0x37b0]  (no source info available)
C  [KERNEL32.DLL+0x2e8d7]  (no source info available)
C  [ntdll.dll+0xb14fc]  (no source info available)

Lock stack of current Java thread (top to bottom):


---------------  P R O C E S S  ---------------

Threads class SMR info:
_java_thread_list=0x00000175560ebb30, length=12, elements={
0x000001756d1f7890, 0x000001757e87aa80, 0x000001757e87e210, 0x000001757e883550,
0x000001757e883fb0, 0x000001757e884a10, 0x000001757e885470, 0x000001757e886200,
0x000001757e89db00, 0x000001757e8e9590, 0x000001755611be90, 0x0000017556123630
}

Java Threads: ( => current thread )
  0x000001756d1f7890 JavaThread "main"                              [_thread_in_vm, id=17624, stack(0x0000004e75e00000,0x0000004e75f00000) (1024K)]
  0x000001757e87aa80 JavaThread "Reference Handler"          daemon [_thread_blocked, id=26008, stack(0x0000004e76700000,0x0000004e76800000) (1024K)]
  0x000001757e87e210 JavaThread "Finalizer"                  daemon [_thread_blocked, id=26012, stack(0x0000004e76800000,0x0000004e76900000) (1024K)]
  0x000001757e883550 JavaThread "Signal Dispatcher"          daemon [_thread_blocked, id=26232, stack(0x0000004e76900000,0x0000004e76a00000) (1024K)]
  0x000001757e883fb0 JavaThread "Attach Listener"            daemon [_thread_blocked, id=26236, stack(0x0000004e76a00000,0x0000004e76b00000) (1024K)]
  0x000001757e884a10 JavaThread "Service Thread"             daemon [_thread_blocked, id=26240, stack(0x0000004e76b00000,0x0000004e76c00000) (1024K)]
  0x000001757e885470 JavaThread "Monitor Deflation Thread"   daemon [_thread_blocked, id=26244, stack(0x0000004e76c00000,0x0000004e76d00000) (1024K)]
  0x000001757e886200 JavaThread "C2 CompilerThread0"         daemon [_thread_in_native, id=26248, stack(0x0000004e76d00000,0x0000004e76e00000) (1024K)]
=>0x000001757e89db00 JavaThread "C1 CompilerThread0"         daemon [_thread_in_native, id=26472, stack(0x0000004e76e00000,0x0000004e76f00000) (1024K)]
  0x000001757e8e9590 JavaThread "Common-Cleaner"             daemon [_thread_blocked, id=26812, stack(0x0000004e76f00000,0x0000004e77000000) (1024K)]
  0x000001755611be90 JavaThread "Monitor Ctrl-Break"         daemon [_thread_in_native, id=28932, stack(0x0000004e77100000,0x0000004e77200000) (1024K)]
  0x0000017556123630 JavaThread "Notification Thread"        daemon [_thread_blocked, id=28936, stack(0x0000004e77200000,0x0000004e77300000) (1024K)]
Total: 12

Other Threads:
  0x000001757e8618c0 VMThread "VM Thread"                           [id=18052, stack(0x0000004e76600000,0x0000004e76700000) (1024K)]
  0x000001757e84e960 WatcherThread "VM Periodic Task Thread"        [id=21256, stack(0x0000004e76500000,0x0000004e76600000) (1024K)]
  0x000001756f6419f0 WorkerThread "GC Thread#0"                     [id=12756, stack(0x0000004e76000000,0x0000004e76100000) (1024K)]
  0x000001756f650fd0 ConcurrentGCThread "G1 Main Marker"            [id=2136, stack(0x0000004e76100000,0x0000004e76200000) (1024K)]
  0x000001756f6519f0 WorkerThread "G1 Conc#0"                       [id=7080, stack(0x0000004e76200000,0x0000004e76300000) (1024K)]
  0x000001757e7224d0 ConcurrentGCThread "G1 Refine#0"               [id=13780, stack(0x0000004e76300000,0x0000004e76400000) (1024K)]
  0x000001756f68aa30 ConcurrentGCThread "G1 Service"                [id=4916, stack(0x0000004e76400000,0x0000004e76500000) (1024K)]
Total: 7

Threads with active compile tasks:
C2 CompilerThread0  13645  673       4       java.lang.StringLatin1::replace (198 bytes)
C1 CompilerThread0  13645  677       3       java.lang.invoke.MethodType::genericMethodType (95 bytes)
Total: 2

VM state: not at safepoint (normal execution)

VM Mutex/Monitor currently owned by a thread:  ([mutex/lock_event])
[0x00007ff9cbff5cd8] Metaspace_lock - owner thread: 0x000001756d1f7890

Heap address: 0x00000006c2800000, size: 5080 MB, Compressed Oops mode: Zero based, Oop shift amount: 3

CDS archive(s) mapped at: [0x0000017511000000-0x0000017511d70000-0x0000017511d70000), size 14090240, SharedBaseAddress: 0x0000017511000000, ArchiveRelocationMode: 1.
Compressed class space mapped at: 0x0000017512000000-0x0000017552000000, reserved size: 1073741824
Narrow klass base: 0x0000017511000000, Narrow klass shift: 0, Narrow klass range: 0x41000000

GC Precious Log:
 CardTable entry size: 512
 Card Set container configuration: InlinePtr #cards 4 size 8 Array Of Cards #cards 32 size 80 Howl #buckets 8 coarsen threshold 7372 Howl Bitmap #cards 1024 size 144 coarsen threshold 921 Card regions per heap region 1 cards per card region 8192
 CPUs: 4 total, 4 available
 Memory: 20317M
 Large Page Support: Disabled
 NUMA Support: Disabled
 Compressed Oops: Enabled (Zero based)
 Heap Region Size: 4M
 Heap Min Capacity: 8M
 Heap Initial Capacity: 320M
 Heap Max Capacity: 5080M
 Pre-touch: Disabled
 Parallel Workers: 4
 Concurrent Workers: 1
 Concurrent Refinement Workers: 4
 Periodic GC: Disabled

Heap:
 garbage-first heap   total reserved 5201920K, committed 327680K, used 8192K [0x00000006c2800000, 0x0000000800000000)
  region size 4096K, 3 young (12288K), 0 survivors (0K)
 Metaspace       used 2861K, committed 2944K, reserved 1114112K
  class space    used 262K, committed 320K, reserved 1048576K

Heap Regions: E=young(eden), S=young(survivor), O=old, HS=humongous(starts), HC=humongous(continues), CS=collection set, F=free, TAMS=top-at-mark-start, PB=parsable bottom
|   0|0x00000006c2800000, 0x00000006c2800000, 0x00000006c2c00000|  0%| F|  |TAMS 0x00000006c2800000| PB 0x00000006c2800000| Untracked |  0
|   1|0x00000006c2c00000, 0x00000006c2c00000, 0x00000006c3000000|  0%| F|  |TAMS 0x00000006c2c00000| PB 0x00000006c2c00000| Untracked |  0
|   2|0x00000006c3000000, 0x00000006c3000000, 0x00000006c3400000|  0%| F|  |TAMS 0x00000006c3000000| PB 0x00000006c3000000| Untracked |  0
|   3|0x00000006c3400000, 0x00000006c3400000, 0x00000006c3800000|  0%| F|  |TAMS 0x00000006c3400000| PB 0x00000006c3400000| Untracked |  0
|   4|0x00000006c3800000, 0x00000006c3800000, 0x00000006c3c00000|  0%| F|  |TAMS 0x00000006c3800000| PB 0x00000006c3800000| Untracked |  0
|   5|0x00000006c3c00000, 0x00000006c3c00000, 0x00000006c4000000|  0%| F|  |TAMS 0x00000006c3c00000| PB 0x00000006c3c00000| Untracked |  0
|   6|0x00000006c4000000, 0x00000006c4000000, 0x00000006c4400000|  0%| F|  |TAMS 0x00000006c4000000| PB 0x00000006c4000000| Untracked |  0
|   7|0x00000006c4400000, 0x00000006c4400000, 0x00000006c4800000|  0%| F|  |TAMS 0x00000006c4400000| PB 0x00000006c4400000| Untracked |  0
|   8|0x00000006c4800000, 0x00000006c4800000, 0x00000006c4c00000|  0%| F|  |TAMS 0x00000006c4800000| PB 0x00000006c4800000| Untracked |  0
|   9|0x00000006c4c00000, 0x00000006c4c00000, 0x00000006c5000000|  0%| F|  |TAMS 0x00000006c4c00000| PB 0x00000006c4c00000| Untracked |  0
|  10|0x00000006c5000000, 0x00000006c5000000, 0x00000006c5400000|  0%| F|  |TAMS 0x00000006c5000000| PB 0x00000006c5000000| Untracked |  0
|  11|0x00000006c5400000, 0x00000006c5400000, 0x00000006c5800000|  0%| F|  |TAMS 0x00000006c5400000| PB 0x00000006c5400000| Untracked |  0
|  12|0x00000006c5800000, 0x00000006c5800000, 0x00000006c5c00000|  0%| F|  |TAMS 0x00000006c5800000| PB 0x00000006c5800000| Untracked |  0
|  13|0x00000006c5c00000, 0x00000006c5c00000, 0x00000006c6000000|  0%| F|  |TAMS 0x00000006c5c00000| PB 0x00000006c5c00000| Untracked |  0
|  14|0x00000006c6000000, 0x00000006c6000000, 0x00000006c6400000|  0%| F|  |TAMS 0x00000006c6000000| PB 0x00000006c6000000| Untracked |  0
|  15|0x00000006c6400000, 0x00000006c6400000, 0x00000006c6800000|  0%| F|  |TAMS 0x00000006c6400000| PB 0x00000006c6400000| Untracked |  0
|  16|0x00000006c6800000, 0x00000006c6800000, 0x00000006c6c00000|  0%| F|  |TAMS 0x00000006c6800000| PB 0x00000006c6800000| Untracked |  0
|  17|0x00000006c6c00000, 0x00000006c6c00000, 0x00000006c7000000|  0%| F|  |TAMS 0x00000006c6c00000| PB 0x00000006c6c00000| Untracked |  0
|  18|0x00000006c7000000, 0x00000006c7000000, 0x00000006c7400000|  0%| F|  |TAMS 0x00000006c7000000| PB 0x00000006c7000000| Untracked |  0
|  19|0x00000006c7400000, 0x00000006c7400000, 0x00000006c7800000|  0%| F|  |TAMS 0x00000006c7400000| PB 0x00000006c7400000| Untracked |  0
|  20|0x00000006c7800000, 0x00000006c7800000, 0x00000006c7c00000|  0%| F|  |TAMS 0x00000006c7800000| PB 0x00000006c7800000| Untracked |  0
|  21|0x00000006c7c00000, 0x00000006c7c00000, 0x00000006c8000000|  0%| F|  |TAMS 0x00000006c7c00000| PB 0x00000006c7c00000| Untracked |  0
|  22|0x00000006c8000000, 0x00000006c8000000, 0x00000006c8400000|  0%| F|  |TAMS 0x00000006c8000000| PB 0x00000006c8000000| Untracked |  0
|  23|0x00000006c8400000, 0x00000006c8400000, 0x00000006c8800000|  0%| F|  |TAMS 0x00000006c8400000| PB 0x00000006c8400000| Untracked |  0
|  24|0x00000006c8800000, 0x00000006c8800000, 0x00000006c8c00000|  0%| F|  |TAMS 0x00000006c8800000| PB 0x00000006c8800000| Untracked |  0
|  25|0x00000006c8c00000, 0x00000006c8c00000, 0x00000006c9000000|  0%| F|  |TAMS 0x00000006c8c00000| PB 0x00000006c8c00000| Untracked |  0
|  26|0x00000006c9000000, 0x00000006c9000000, 0x00000006c9400000|  0%| F|  |TAMS 0x00000006c9000000| PB 0x00000006c9000000| Untracked |  0
|  27|0x00000006c9400000, 0x00000006c9400000, 0x00000006c9800000|  0%| F|  |TAMS 0x00000006c9400000| PB 0x00000006c9400000| Untracked |  0
|  28|0x00000006c9800000, 0x00000006c9800000, 0x00000006c9c00000|  0%| F|  |TAMS 0x00000006c9800000| PB 0x00000006c9800000| Untracked |  0
|  29|0x00000006c9c00000, 0x00000006c9c00000, 0x00000006ca000000|  0%| F|  |TAMS 0x00000006c9c00000| PB 0x00000006c9c00000| Untracked |  0
|  30|0x00000006ca000000, 0x00000006ca000000, 0x00000006ca400000|  0%| F|  |TAMS 0x00000006ca000000| PB 0x00000006ca000000| Untracked |  0
|  31|0x00000006ca400000, 0x00000006ca400000, 0x00000006ca800000|  0%| F|  |TAMS 0x00000006ca400000| PB 0x00000006ca400000| Untracked |  0
|  32|0x00000006ca800000, 0x00000006ca800000, 0x00000006cac00000|  0%| F|  |TAMS 0x00000006ca800000| PB 0x00000006ca800000| Untracked |  0
|  33|0x00000006cac00000, 0x00000006cac00000, 0x00000006cb000000|  0%| F|  |TAMS 0x00000006cac00000| PB 0x00000006cac00000| Untracked |  0
|  34|0x00000006cb000000, 0x00000006cb000000, 0x00000006cb400000|  0%| F|  |TAMS 0x00000006cb000000| PB 0x00000006cb000000| Untracked |  0
|  35|0x00000006cb400000, 0x00000006cb400000, 0x00000006cb800000|  0%| F|  |TAMS 0x00000006cb400000| PB 0x00000006cb400000| Untracked |  0
|  36|0x00000006cb800000, 0x00000006cb800000, 0x00000006cbc00000|  0%| F|  |TAMS 0x00000006cb800000| PB 0x00000006cb800000| Untracked |  0
|  37|0x00000006cbc00000, 0x00000006cbc00000, 0x00000006cc000000|  0%| F|  |TAMS 0x00000006cbc00000| PB 0x00000006cbc00000| Untracked |  0
|  38|0x00000006cc000000, 0x00000006cc000000, 0x00000006cc400000|  0%| F|  |TAMS 0x00000006cc000000| PB 0x00000006cc000000| Untracked |  0
|  39|0x00000006cc400000, 0x00000006cc400000, 0x00000006cc800000|  0%| F|  |TAMS 0x00000006cc400000| PB 0x00000006cc400000| Untracked |  0
|  40|0x00000006cc800000, 0x00000006cc800000, 0x00000006ccc00000|  0%| F|  |TAMS 0x00000006cc800000| PB 0x00000006cc800000| Untracked |  0
|  41|0x00000006ccc00000, 0x00000006ccc00000, 0x00000006cd000000|  0%| F|  |TAMS 0x00000006ccc00000| PB 0x00000006ccc00000| Untracked |  0
|  42|0x00000006cd000000, 0x00000006cd000000, 0x00000006cd400000|  0%| F|  |TAMS 0x00000006cd000000| PB 0x00000006cd000000| Untracked |  0
|  43|0x00000006cd400000, 0x00000006cd400000, 0x00000006cd800000|  0%| F|  |TAMS 0x00000006cd400000| PB 0x00000006cd400000| Untracked |  0
|  44|0x00000006cd800000, 0x00000006cd800000, 0x00000006cdc00000|  0%| F|  |TAMS 0x00000006cd800000| PB 0x00000006cd800000| Untracked |  0
|  45|0x00000006cdc00000, 0x00000006cdc00000, 0x00000006ce000000|  0%| F|  |TAMS 0x00000006cdc00000| PB 0x00000006cdc00000| Untracked |  0
|  46|0x00000006ce000000, 0x00000006ce000000, 0x00000006ce400000|  0%| F|  |TAMS 0x00000006ce000000| PB 0x00000006ce000000| Untracked |  0
|  47|0x00000006ce400000, 0x00000006ce400000, 0x00000006ce800000|  0%| F|  |TAMS 0x00000006ce400000| PB 0x00000006ce400000| Untracked |  0
|  48|0x00000006ce800000, 0x00000006ce800000, 0x00000006cec00000|  0%| F|  |TAMS 0x00000006ce800000| PB 0x00000006ce800000| Untracked |  0
|  49|0x00000006cec00000, 0x00000006cec00000, 0x00000006cf000000|  0%| F|  |TAMS 0x00000006cec00000| PB 0x00000006cec00000| Untracked |  0
|  50|0x00000006cf000000, 0x00000006cf000000, 0x00000006cf400000|  0%| F|  |TAMS 0x00000006cf000000| PB 0x00000006cf000000| Untracked |  0
|  51|0x00000006cf400000, 0x00000006cf400000, 0x00000006cf800000|  0%| F|  |TAMS 0x00000006cf400000| PB 0x00000006cf400000| Untracked |  0
|  52|0x00000006cf800000, 0x00000006cf800000, 0x00000006cfc00000|  0%| F|  |TAMS 0x00000006cf800000| PB 0x00000006cf800000| Untracked |  0
|  53|0x00000006cfc00000, 0x00000006cfc00000, 0x00000006d0000000|  0%| F|  |TAMS 0x00000006cfc00000| PB 0x00000006cfc00000| Untracked |  0
|  54|0x00000006d0000000, 0x00000006d0000000, 0x00000006d0400000|  0%| F|  |TAMS 0x00000006d0000000| PB 0x00000006d0000000| Untracked |  0
|  55|0x00000006d0400000, 0x00000006d0400000, 0x00000006d0800000|  0%| F|  |TAMS 0x00000006d0400000| PB 0x00000006d0400000| Untracked |  0
|  56|0x00000006d0800000, 0x00000006d0800000, 0x00000006d0c00000|  0%| F|  |TAMS 0x00000006d0800000| PB 0x00000006d0800000| Untracked |  0
|  57|0x00000006d0c00000, 0x00000006d0c00000, 0x00000006d1000000|  0%| F|  |TAMS 0x00000006d0c00000| PB 0x00000006d0c00000| Untracked |  0
|  58|0x00000006d1000000, 0x00000006d1000000, 0x00000006d1400000|  0%| F|  |TAMS 0x00000006d1000000| PB 0x00000006d1000000| Untracked |  0
|  59|0x00000006d1400000, 0x00000006d1400000, 0x00000006d1800000|  0%| F|  |TAMS 0x00000006d1400000| PB 0x00000006d1400000| Untracked |  0
|  60|0x00000006d1800000, 0x00000006d1800000, 0x00000006d1c00000|  0%| F|  |TAMS 0x00000006d1800000| PB 0x00000006d1800000| Untracked |  0
|  61|0x00000006d1c00000, 0x00000006d1c00000, 0x00000006d2000000|  0%| F|  |TAMS 0x00000006d1c00000| PB 0x00000006d1c00000| Untracked |  0
|  62|0x00000006d2000000, 0x00000006d2000000, 0x00000006d2400000|  0%| F|  |TAMS 0x00000006d2000000| PB 0x00000006d2000000| Untracked |  0
|  63|0x00000006d2400000, 0x00000006d2400000, 0x00000006d2800000|  0%| F|  |TAMS 0x00000006d2400000| PB 0x00000006d2400000| Untracked |  0
|  64|0x00000006d2800000, 0x00000006d2800000, 0x00000006d2c00000|  0%| F|  |TAMS 0x00000006d2800000| PB 0x00000006d2800000| Untracked |  0
|  65|0x00000006d2c00000, 0x00000006d2c00000, 0x00000006d3000000|  0%| F|  |TAMS 0x00000006d2c00000| PB 0x00000006d2c00000| Untracked |  0
|  66|0x00000006d3000000, 0x00000006d3000000, 0x00000006d3400000|  0%| F|  |TAMS 0x00000006d3000000| PB 0x00000006d3000000| Untracked |  0
|  67|0x00000006d3400000, 0x00000006d3400000, 0x00000006d3800000|  0%| F|  |TAMS 0x00000006d3400000| PB 0x00000006d3400000| Untracked |  0
|  68|0x00000006d3800000, 0x00000006d3800000, 0x00000006d3c00000|  0%| F|  |TAMS 0x00000006d3800000| PB 0x00000006d3800000| Untracked |  0
|  69|0x00000006d3c00000, 0x00000006d3c00000, 0x00000006d4000000|  0%| F|  |TAMS 0x00000006d3c00000| PB 0x00000006d3c00000| Untracked |  0
|  70|0x00000006d4000000, 0x00000006d4000000, 0x00000006d4400000|  0%| F|  |TAMS 0x00000006d4000000| PB 0x00000006d4000000| Untracked |  0
|  71|0x00000006d4400000, 0x00000006d4400000, 0x00000006d4800000|  0%| F|  |TAMS 0x00000006d4400000| PB 0x00000006d4400000| Untracked |  0
|  72|0x00000006d4800000, 0x00000006d4800000, 0x00000006d4c00000|  0%| F|  |TAMS 0x00000006d4800000| PB 0x00000006d4800000| Untracked |  0
|  73|0x00000006d4c00000, 0x00000006d4c00000, 0x00000006d5000000|  0%| F|  |TAMS 0x00000006d4c00000| PB 0x00000006d4c00000| Untracked |  0
|  74|0x00000006d5000000, 0x00000006d5000000, 0x00000006d5400000|  0%| F|  |TAMS 0x00000006d5000000| PB 0x00000006d5000000| Untracked |  0
|  75|0x00000006d5400000, 0x00000006d5400000, 0x00000006d5800000|  0%| F|  |TAMS 0x00000006d5400000| PB 0x00000006d5400000| Untracked |  0
|  76|0x00000006d5800000, 0x00000006d5800000, 0x00000006d5c00000|  0%| F|  |TAMS 0x00000006d5800000| PB 0x00000006d5800000| Untracked |  0
|  77|0x00000006d5c00000, 0x00000006d5cd0c10, 0x00000006d6000000| 20%| E|  |TAMS 0x00000006d5c00000| PB 0x00000006d5c00000| Complete |  0
|  78|0x00000006d6000000, 0x00000006d6400000, 0x00000006d6400000|100%| E|CS|TAMS 0x00000006d6000000| PB 0x00000006d6000000| Complete |  0
|  79|0x00000006d6400000, 0x00000006d6800000, 0x00000006d6800000|100%| E|CS|TAMS 0x00000006d6400000| PB 0x00000006d6400000| Complete |  0

Card table byte_map: [0x0000017578950000,0x0000017579340000] _byte_map_base: 0x000001757533c000

Marking Bits: (CMBitMap*) 0x000001756f642010
 Bits: [0x0000017579340000, 0x000001757e2a0000)

Polling page: 0x000001756d410000

Metaspace:

Usage:
  Non-class:      2.54 MB used.
      Class:    262.02 KB used.
       Both:      2.79 MB used.

Virtual space:
  Non-class space:       64.00 MB reserved,       2.56 MB (  4%) committed,  1 nodes.
      Class space:        1.00 GB reserved,     320.00 KB ( <1%) committed,  1 nodes.
             Both:        1.06 GB reserved,       2.88 MB ( <1%) committed. 

Chunk freelists:
   Non-Class:  11.17 MB
       Class:  15.63 MB
        Both:  26.80 MB

MaxMetaspaceSize: unlimited
CompressedClassSpaceSize: 1.00 GB
Initial GC threshold: 21.00 MB
Current GC threshold: 21.00 MB
CDS: on
 - commit_granule_bytes: 65536.
 - commit_granule_words: 8192.
 - virtual_space_node_default_size: 8388608.
 - enlarge_chunks_in_place: 1.
 - use_allocation_guard: 0.


Internal statistics:

num_allocs_failed_limit: 0.
num_arena_births: 40.
num_arena_deaths: 0.
num_vsnodes_births: 2.
num_vsnodes_deaths: 0.
num_space_committed: 46.
num_space_uncommitted: 0.
num_chunks_returned_to_freelist: 0.
num_chunks_taken_from_freelist: 81.
num_chunk_merges: 0.
num_chunk_splits: 59.
num_chunks_enlarged: 44.
num_inconsistent_stats: 0.

CodeHeap 'non-profiled nmethods': size=120064Kb used=200Kb max_used=200Kb free=119863Kb
 bounds [0x0000017507ac0000, 0x0000017507d30000, 0x000001750f000000]
CodeHeap 'profiled nmethods': size=120000Kb used=762Kb max_used=762Kb free=119237Kb
 bounds [0x0000017500000000, 0x0000017500270000, 0x0000017507530000]
CodeHeap 'non-nmethods': size=5696Kb used=1343Kb max_used=1359Kb free=4352Kb
 bounds [0x0000017507530000, 0x00000175077a0000, 0x0000017507ac0000]
CodeCache: size=245760Kb, used=2305Kb, max_used=2321Kb, free=243452Kb
 total_blobs=1133, nmethods=675, adapters=364, full_count=0
Compilation: enabled, stopped_count=0, restarted_count=0

Compilation events (20 events):
Event: 13.289 Thread 0x000001757e89db00  668       3       jdk.internal.jimage.ImageLocation::verify (218 bytes)
Event: 13.290 Thread 0x000001757e89db00 nmethod 668 0x00000175000bc388 code [0x00000175000bc5c0, 0x00000175000bd2b0]
Event: 13.486 Thread 0x000001757e886200  669       4       jdk.internal.jimage.ImageStringsReader::unmaskedHashCode (166 bytes)
Event: 13.489 Thread 0x000001757e886200 nmethod 669 0x0000017507af1c88 code [0x0000017507af1da0, 0x0000017507af1fb0]
Event: 13.491 Thread 0x000001757e89db00  670       3       java.util.zip.ZipUtils::LOCSIG (6 bytes)
Event: 13.491 Thread 0x000001757e89db00 nmethod 670 0x00000175000bd388 code [0x00000175000bd4c0, 0x00000175000bd780]
Event: 13.491 Thread 0x000001757e89db00  671       3       jdk.internal.loader.ClassLoaders$BootClassLoader::loadClassOrNull (10 bytes)
Event: 13.491 Thread 0x000001757e89db00 nmethod 671 0x00000175000bd808 code [0x00000175000bd960, 0x00000175000bdbe8]
Event: 13.491 Thread 0x000001757e89db00  672       3       java.util.regex.Pattern::has (15 bytes)
Event: 13.491 Thread 0x000001757e89db00 nmethod 672 0x00000175000bdc88 code [0x00000175000bdda0, 0x00000175000bdf00]
Event: 13.491 Thread 0x000001757e886200  673       4       java.lang.StringLatin1::replace (198 bytes)
Event: 13.492 Thread 0x000001757e89db00  675       3       java.lang.invoke.MemberName::isConstructor (8 bytes)
Event: 13.492 Thread 0x000001757e89db00 nmethod 675 0x00000175000bdf88 code [0x00000175000be0a0, 0x00000175000be268]
Event: 13.492 Thread 0x000001757e89db00  674       3       java.util.regex.Pattern::isSupplementary (21 bytes)
Event: 13.493 Thread 0x000001757e89db00 nmethod 674 0x00000175000be288 code [0x00000175000be3a0, 0x00000175000be5e8]
Event: 13.493 Thread 0x000001757e89db00  676       1       java.lang.invoke.MethodHandles$Lookup::previousLookupClass (5 bytes)
Event: 13.493 Thread 0x000001757e89db00 nmethod 676 0x0000017507af2008 code [0x0000017507af2120, 0x0000017507af21f0]
Event: 13.493 Thread 0x000001757e89db00  678       3       java.lang.ref.PhantomReference::<init> (7 bytes)
Event: 13.493 Thread 0x000001757e89db00 nmethod 678 0x00000175000be608 code [0x00000175000be740, 0x00000175000bea18]
Event: 13.493 Thread 0x000001757e89db00  677       3       java.lang.invoke.MethodType::genericMethodType (95 bytes)

GC Heap History (0 events):
No events

Dll operation events (12 events):
Event: 0.024 Loaded shared library C:\Users\21658\.jdks\corretto-23.0.2\bin\java.dll
Event: 5.677 Loaded shared library C:\Users\21658\.jdks\corretto-23.0.2\bin\jsvml.dll
Event: 6.048 Loaded shared library C:\Users\21658\.jdks\corretto-23.0.2\bin\zip.dll
Event: 6.054 Loaded shared library C:\Users\21658\.jdks\corretto-23.0.2\bin\instrument.dll
Event: 6.828 Loaded shared library C:\Users\21658\.jdks\corretto-23.0.2\bin\net.dll
Event: 6.838 Loaded shared library C:\Users\21658\.jdks\corretto-23.0.2\bin\nio.dll
Event: 6.854 Loaded shared library C:\Users\21658\.jdks\corretto-23.0.2\bin\zip.dll
Event: 6.912 Loaded shared library C:\Program Files\JetBrains\IntelliJ IDEA 2023.3.4\bin\breakgen64.dll
Event: 7.896 Loaded shared library C:\Users\21658\.jdks\corretto-23.0.2\bin\jimage.dll
Event: 9.215 Loaded shared library C:\Users\21658\.jdks\corretto-23.0.2\bin\extnet.dll
Event: 10.512 Loaded shared library C:\Users\21658\AppData\Local\Temp\jansi-2.4.0-6a7293de3f7b6128-jansi.dll
Event: 10.534 Loaded shared library C:\Users\21658\.jdks\corretto-23.0.2\bin\verify.dll

Deoptimization events (20 events):
Event: 6.914 Thread 0x000001756d1f7890 Uncommon trap: reason=unstable_if action=reinterpret pc=0x0000017507acefdc method=java.lang.String.isLatin1()Z @ 10 c2
Event: 6.914 Thread 0x000001756d1f7890 DEOPT PACKING pc=0x0000017507acefdc sp=0x0000004e75efef20
Event: 6.914 Thread 0x000001756d1f7890 DEOPT UNPACKING pc=0x0000017507584402 sp=0x0000004e75efee60 mode 2
Event: 7.420 Thread 0x000001756d1f7890 DEOPT PACKING pc=0x0000017500000628 sp=0x0000004e75efdea0
Event: 7.420 Thread 0x000001756d1f7890 DEOPT UNPACKING pc=0x0000017507584b22 sp=0x0000004e75efd328 mode 0
Event: 9.256 Thread 0x000001756d1f7890 Uncommon trap: trap_request=0xffffff45 fr.pc=0x0000017507ad7a64 relative=0x0000000000000164
Event: 9.256 Thread 0x000001756d1f7890 Uncommon trap: reason=unstable_if action=reinterpret pc=0x0000017507ad7a64 method=java.lang.StringCoding.countPositives([BII)I @ 17 c2
Event: 9.256 Thread 0x000001756d1f7890 DEOPT PACKING pc=0x0000017507ad7a64 sp=0x0000004e75efa2b0
Event: 9.256 Thread 0x000001756d1f7890 DEOPT UNPACKING pc=0x0000017507584402 sp=0x0000004e75efa250 mode 2
Event: 11.111 Thread 0x000001756d1f7890 DEOPT PACKING pc=0x0000017500023fe8 sp=0x0000004e75efa540
Event: 11.111 Thread 0x000001756d1f7890 DEOPT UNPACKING pc=0x0000017507584b22 sp=0x0000004e75ef9a00 mode 0
Event: 11.146 Thread 0x000001756d1f7890 Uncommon trap: trap_request=0xffffff45 fr.pc=0x0000017507aeb3fc relative=0x0000000000000abc
Event: 11.146 Thread 0x000001756d1f7890 Uncommon trap: reason=unstable_if action=reinterpret pc=0x0000017507aeb3fc method=java.util.HashMap.putVal(ILjava/lang/Object;Ljava/lang/Object;ZZ)Ljava/lang/Object; @ 181 c2
Event: 11.146 Thread 0x000001756d1f7890 DEOPT PACKING pc=0x0000017507aeb3fc sp=0x0000004e75efcf10
Event: 11.146 Thread 0x000001756d1f7890 DEOPT UNPACKING pc=0x0000017507584402 sp=0x0000004e75efced0 mode 2
Event: 13.491 Thread 0x000001756d1f7890 DEOPT PACKING pc=0x0000017500023fe8 sp=0x0000004e75efcc50
Event: 13.492 Thread 0x000001756d1f7890 DEOPT UNPACKING pc=0x0000017507584b22 sp=0x0000004e75efc110 mode 0
Event: 13.494 Thread 0x000001756d1f7890 Uncommon trap: trap_request=0xffffff76 fr.pc=0x0000017507adf18c relative=0x000000000000032c
Event: 13.494 Thread 0x000001756d1f7890 Uncommon trap: reason=predicate action=maybe_recompile pc=0x0000017507adf18c method=java.util.regex.Pattern$BmpCharPropertyGreedy.match(Ljava/util/regex/Matcher;ILjava/lang/CharSequence;)Z @ 12 c2
Event: 13.494 Thread 0x000001756d1f7890 DEOPT PACKING pc=0x0000017507adf18c sp=0x0000004e75efe5c0

Classes loaded (20 events):
Event: 11.519 Loading class java/lang/IllegalAccessException
Event: 11.519 Loading class java/lang/IllegalAccessException done
Event: 11.519 Loading class java/lang/InstantiationException
Event: 11.519 Loading class java/lang/InstantiationException done
Event: 11.534 Loading class java/lang/StringIndexOutOfBoundsException
Event: 11.534 Loading class java/lang/IndexOutOfBoundsException
Event: 11.534 Loading class java/lang/IndexOutOfBoundsException done
Event: 11.534 Loading class java/lang/StringIndexOutOfBoundsException done
Event: 11.534 Loading class java/util/StringTokenizer
Event: 11.535 Loading class java/util/StringTokenizer done
Event: 13.491 Loading class java/io/StringReader
Event: 13.491 Loading class java/io/StringReader done
Event: 13.492 Loading class java/util/regex/Pattern$BnM
Event: 13.492 Loading class java/util/regex/Pattern$BnM done
Event: 13.492 Loading class java/util/regex/Pattern$SliceS
Event: 13.492 Loading class java/util/regex/Pattern$SliceS done
Event: 13.493 Loading class java/text/MessageFormat
Event: 13.493 Loading class java/text/MessageFormat done
Event: 13.494 Loading class java/io/FileReader
Event: 13.494 Loading class java/io/FileReader done

Classes unloaded (0 events):
No events

Classes redefined (0 events):
No events

Internal exceptions (8 events):
Event: 6.906 Thread 0x000001756d1f7890 Exception <a 'java/lang/NoSuchMethodError'{0x00000006d6652258}: 'java.lang.Object java.lang.invoke.Invokers$Holder.invokeExact_MT(java.lang.Object, java.lang.Object, java.lang.Object, java.lang.Object, java.lang.Object)'> (0x00000006d6652258) 
thrown [s\src\hotspot\share\interpreter\linkResolver.cpp, line 796]
Event: 7.397 Thread 0x000001756d1f7890 Exception <a 'java/lang/NoSuchMethodError'{0x00000006d66cfaa8}: 'int java.lang.invoke.DirectMethodHandle$Holder.invokeSpecial(java.lang.Object, java.lang.Object, java.lang.Object)'> (0x00000006d66cfaa8) 
thrown [s\src\hotspot\share\interpreter\linkResolver.cpp, line 796]
Event: 9.218 Thread 0x000001755611be90 Exception <a 'java/lang/NoSuchMethodError'{0x00000006d60ff938}: 'void java.lang.invoke.DirectMethodHandle$Holder.invokeStatic(java.lang.Object, java.lang.Object)'> (0x00000006d60ff938) 
thrown [s\src\hotspot\share\interpreter\linkResolver.cpp, line 796]
Event: 9.504 Thread 0x000001756d1f7890 Exception <a 'java/lang/NullPointerException'{0x00000006d62182f8}> (0x00000006d62182f8) 
thrown [s\src\hotspot\share\interpreter\linkResolver.cpp, line 1389]
Event: 10.532 Thread 0x000001756d1f7890 Exception <a 'sun/nio/fs/WindowsException'{0x00000006d62f9a08}> (0x00000006d62f9a08) 
thrown [s\src\hotspot\share\prims\jni.cpp, line 520]
Event: 10.532 Thread 0x000001756d1f7890 Exception <a 'sun/nio/fs/WindowsException'{0x00000006d62fa098}> (0x00000006d62fa098) 
thrown [s\src\hotspot\share\prims\jni.cpp, line 520]
Event: 10.532 Thread 0x000001756d1f7890 Exception <a 'sun/nio/fs/WindowsException'{0x00000006d62fa5a8}> (0x00000006d62fa5a8) 
thrown [s\src\hotspot\share\prims\jni.cpp, line 520]
Event: 10.532 Thread 0x000001756d1f7890 Exception <a 'sun/nio/fs/WindowsException'{0x00000006d62faa68}> (0x00000006d62faa68) 
thrown [s\src\hotspot\share\prims\jni.cpp, line 520]

VM Operations (6 events):
Event: 7.906 Executing VM operation: HandshakeAllThreads (Deoptimize)
Event: 9.216 Executing VM operation: HandshakeAllThreads (Deoptimize) done
Event: 9.502 Executing VM operation: HandshakeAllThreads (Deoptimize)
Event: 9.502 Executing VM operation: HandshakeAllThreads (Deoptimize) done
Event: 9.510 Executing VM operation: HandshakeAllThreads (Deoptimize)
Event: 9.510 Executing VM operation: HandshakeAllThreads (Deoptimize) done

Memory protections (0 events):
No events

Nmethod flushes (0 events):
No events

Events (12 events):
Event: 0.457 Thread 0x000001756d1f7890 Thread added: 0x000001756d1f7890
Event: 1.893 Thread 0x000001756d1f7890 Thread added: 0x000001757e87aa80
Event: 1.893 Thread 0x000001756d1f7890 Thread added: 0x000001757e87e210
Event: 2.085 Thread 0x000001756d1f7890 Thread added: 0x000001757e883550
Event: 2.085 Thread 0x000001756d1f7890 Thread added: 0x000001757e883fb0
Event: 2.085 Thread 0x000001756d1f7890 Thread added: 0x000001757e884a10
Event: 2.085 Thread 0x000001756d1f7890 Thread added: 0x000001757e885470
Event: 2.085 Thread 0x000001756d1f7890 Thread added: 0x000001757e886200
Event: 2.480 Thread 0x000001756d1f7890 Thread added: 0x000001757e89db00
Event: 3.263 Thread 0x000001756d1f7890 Thread added: 0x000001757e8e9590
Event: 6.913 Thread 0x000001756d1f7890 Thread added: 0x000001755611be90
Event: 6.913 Thread 0x000001756d1f7890 Thread added: 0x0000017556123630


Dynamic libraries:
0x00007ff659500000 - 0x00007ff65950e000 	C:\Users\21658\.jdks\corretto-23.0.2\bin\java.exe
0x00007ffaa8860000 - 0x00007ffaa8ac0000 	C:\WINDOWS\SYSTEM32\ntdll.dll
0x00007ffaa71a0000 - 0x00007ffaa7267000 	C:\WINDOWS\System32\KERNEL32.DLL
0x00007ffaa5b20000 - 0x00007ffaa5eea000 	C:\WINDOWS\System32\KERNELBASE.dll
0x00007ffaa6340000 - 0x00007ffaa648b000 	C:\WINDOWS\System32\ucrtbase.dll
0x00007ffaa2750000 - 0x00007ffaa2767000 	C:\Users\21658\.jdks\corretto-23.0.2\bin\jli.dll
0x00007ffaa68a0000 - 0x00007ffaa6a6c000 	C:\WINDOWS\System32\USER32.dll
0x00007ffaa5af0000 - 0x00007ffaa5b17000 	C:\WINDOWS\System32\win32u.dll
0x00007ffaa7170000 - 0x00007ffaa719a000 	C:\WINDOWS\System32\GDI32.dll
0x00007ffaa6520000 - 0x00007ffaa6651000 	C:\WINDOWS\System32\gdi32full.dll
0x00007ffaa5a40000 - 0x00007ffaa5ae3000 	C:\WINDOWS\System32\msvcp_win.dll
0x00007ffaa0980000 - 0x00007ffaa099b000 	C:\Users\21658\.jdks\corretto-23.0.2\bin\VCRUNTIME140.dll
0x00007ffa8d970000 - 0x00007ffa8dc07000 	C:\WINDOWS\WinSxS\amd64_microsoft.windows.common-controls_6595b64144ccf1df_6.0.26100.3624_none_3e086962e3345f24\COMCTL32.dll
0x00007ffaa6660000 - 0x00007ffaa6709000 	C:\WINDOWS\System32\msvcrt.dll
0x00007ffaa8600000 - 0x00007ffaa862f000 	C:\WINDOWS\System32\IMM32.DLL
0x00007ffaa0950000 - 0x00007ffaa095c000 	C:\Users\21658\.jdks\corretto-23.0.2\bin\vcruntime140_1.dll
0x00007ffa9be20000 - 0x00007ffa9bead000 	C:\Users\21658\.jdks\corretto-23.0.2\bin\msvcp140.dll
0x00007ff9cb300000 - 0x00007ff9cc0d8000 	C:\Users\21658\.jdks\corretto-23.0.2\bin\server\jvm.dll
0x00007ffaa7b90000 - 0x00007ffaa7c42000 	C:\WINDOWS\System32\ADVAPI32.dll
0x00007ffaa8550000 - 0x00007ffaa85f6000 	C:\WINDOWS\System32\sechost.dll
0x00007ffaa6710000 - 0x00007ffaa6826000 	C:\WINDOWS\System32\RPCRT4.dll
0x00007ffaa79d0000 - 0x00007ffaa7a44000 	C:\WINDOWS\System32\WS2_32.dll
0x00007ffaa58b0000 - 0x00007ffaa590e000 	C:\WINDOWS\SYSTEM32\POWRPROF.dll
0x00007ffa93460000 - 0x00007ffa93496000 	C:\WINDOWS\SYSTEM32\WINMM.dll
0x00007ffa9b340000 - 0x00007ffa9b34b000 	C:\WINDOWS\SYSTEM32\VERSION.dll
0x00007ffaa5890000 - 0x00007ffaa58a4000 	C:\WINDOWS\SYSTEM32\UMPDC.dll
0x00007ffaa4820000 - 0x00007ffaa483a000 	C:\WINDOWS\SYSTEM32\kernel.appcore.dll
0x00007ffaa08e0000 - 0x00007ffaa08ea000 	C:\Users\21658\.jdks\corretto-23.0.2\bin\jimage.dll
0x00007ffa8f3c0000 - 0x00007ffa8f601000 	C:\WINDOWS\SYSTEM32\DBGHELP.DLL
0x00007ffaa81c0000 - 0x00007ffaa8542000 	C:\WINDOWS\System32\combase.dll
0x00007ffaa7c50000 - 0x00007ffaa7d26000 	C:\WINDOWS\System32\OLEAUT32.dll
0x00007ffa8aa30000 - 0x00007ffa8aa69000 	C:\WINDOWS\SYSTEM32\dbgcore.DLL
0x00007ffaa62a0000 - 0x00007ffaa6339000 	C:\WINDOWS\System32\bcryptPrimitives.dll
0x00007ffa9e6c0000 - 0x00007ffa9e6ce000 	C:\Users\21658\.jdks\corretto-23.0.2\bin\instrument.dll
0x00007ffa9e750000 - 0x00007ffa9e76e000 	C:\Users\21658\.jdks\corretto-23.0.2\bin\java.dll
0x00007ffaa6fd0000 - 0x00007ffaa7166000 	C:\WINDOWS\System32\ole32.dll
0x00007ffaa7270000 - 0x00007ffaa7999000 	C:\WINDOWS\System32\SHELL32.dll
0x00007ffaa5fb0000 - 0x00007ffaa6118000 	C:\WINDOWS\System32\wintypes.dll
0x00007ffaa36c0000 - 0x00007ffaa3f12000 	C:\WINDOWS\SYSTEM32\windows.storage.dll
0x00007ffaa6c30000 - 0x00007ffaa6d1d000 	C:\WINDOWS\System32\SHCORE.dll
0x00007ffaa6830000 - 0x00007ffaa6894000 	C:\WINDOWS\System32\shlwapi.dll
0x00007ffaa5950000 - 0x00007ffaa597f000 	C:\WINDOWS\SYSTEM32\profapi.dll
0x00007ffa274b0000 - 0x00007ffa27587000 	C:\Users\21658\.jdks\corretto-23.0.2\bin\jsvml.dll
0x00007ffa9be00000 - 0x00007ffa9be17000 	C:\Users\21658\.jdks\corretto-23.0.2\bin\zip.dll
0x00007ffa9e740000 - 0x00007ffa9e750000 	C:\Users\21658\.jdks\corretto-23.0.2\bin\net.dll
0x00007ffaa4d70000 - 0x00007ffaa4dda000 	C:\WINDOWS\system32\mswsock.dll
0x00007ffa9e6f0000 - 0x00007ffa9e706000 	C:\Users\21658\.jdks\corretto-23.0.2\bin\nio.dll
0x00007ffa6c600000 - 0x00007ffa6c61a000 	C:\Program Files\JetBrains\IntelliJ IDEA 2023.3.4\bin\breakgen64.dll
0x00007ffa9b800000 - 0x00007ffa9b809000 	C:\Users\21658\.jdks\corretto-23.0.2\bin\extnet.dll
0x0000000069ac0000 - 0x0000000069ae4000 	C:\Users\21658\AppData\Local\Temp\jansi-2.4.0-6a7293de3f7b6128-jansi.dll
0x00007ffa86cd0000 - 0x00007ffa86ce0000 	C:\Users\21658\.jdks\corretto-23.0.2\bin\verify.dll

dbghelp: loaded successfully - version: 4.0.5 - missing functions: none
symbol engine: initialized successfully - sym options: 0x614 - pdb path: .;C:\Users\21658\.jdks\corretto-23.0.2\bin;C:\WINDOWS\SYSTEM32;C:\WINDOWS\WinSxS\amd64_microsoft.windows.common-controls_6595b64144ccf1df_6.0.26100.3624_none_3e086962e3345f24;C:\Users\21658\.jdks\corretto-23.0.2\bin\server;C:\Program Files\JetBrains\IntelliJ IDEA 2023.3.4\bin;C:\Users\21658\AppData\Local\Temp

VM Arguments:
jvm_args: -Dmaven.multiModuleProjectDirectory=D:\3emeA42\JavaSem1\outi-d-desktop -Djansi.passthrough=true -Dmaven.home=C:\Program Files\JetBrains\IntelliJ IDEA 2023.3.4\plugins\maven\lib\maven3 -Dclassworlds.conf=C:\Program Files\JetBrains\IntelliJ IDEA 2023.3.4\plugins\maven\lib\maven3\bin\m2.conf -Dmaven.ext.class.path=C:\Program Files\JetBrains\IntelliJ IDEA 2023.3.4\plugins\maven\lib\maven-event-listener.jar -javaagent:C:\Program Files\JetBrains\IntelliJ IDEA 2023.3.4\lib\idea_rt.jar=58544:C:\Program Files\JetBrains\IntelliJ IDEA 2023.3.4\bin -Dfile.encoding=UTF-8 -Dsun.stdout.encoding=UTF-8 -Dsun.stderr.encoding=UTF-8 
java_command: org.codehaus.classworlds.Launcher -Didea.version=2023.3.8 org.apache.maven.plugins:maven-compiler-plugin:3.8.1:compile
java_class_path (initial): C:\Program Files\JetBrains\IntelliJ IDEA 2023.3.4\plugins\maven\lib\maven3\boot\plexus-classworlds-2.7.0.jar;C:\Program Files\JetBrains\IntelliJ IDEA 2023.3.4\plugins\maven\lib\maven3\boot\plexus-classworlds.license
Launcher Type: SUN_STANDARD

[Global flags]
     intx CICompilerCount                          = 3                                         {product} {ergonomic}
     uint ConcGCThreads                            = 1                                         {product} {ergonomic}
     uint G1ConcRefinementThreads                  = 4                                         {product} {ergonomic}
   size_t G1HeapRegionSize                         = 4194304                                   {product} {ergonomic}
   size_t InitialHeapSize                          = 335544320                                 {product} {ergonomic}
   size_t MarkStackSize                            = 4194304                                   {product} {ergonomic}
   size_t MarkStackSizeMax                         = 536870912                                 {product} {ergonomic}
   size_t MaxHeapSize                              = 5326766080                                {product} {ergonomic}
   size_t MaxNewSize                               = 3196059648                                {product} {ergonomic}
   size_t MinHeapDeltaBytes                        = 4194304                                   {product} {ergonomic}
   size_t MinHeapSize                              = 8388608                                   {product} {ergonomic}
    uintx NonNMethodCodeHeapSize                   = 5832704                                {pd product} {ergonomic}
    uintx NonProfiledCodeHeapSize                  = 122945536                              {pd product} {ergonomic}
    uintx ProfiledCodeHeapSize                     = 122880000                              {pd product} {ergonomic}
    uintx ReservedCodeCacheSize                    = 251658240                              {pd product} {ergonomic}
     bool SegmentedCodeCache                       = true                                      {product} {ergonomic}
   size_t SoftMaxHeapSize                          = 5326766080                             {manageable} {ergonomic}
     bool UseCompressedOops                        = true                           {product lp64_product} {ergonomic}
     bool UseG1GC                                  = true                                      {product} {ergonomic}
     bool UseLargePagesIndividualAllocation        = false                                  {pd product} {ergonomic}

Logging:
Log output configuration:
 #0: stdout all=warning uptime,level,tags foldmultilines=false
 #1: stderr all=off uptime,level,tags foldmultilines=false

Environment Variables:
JAVA_HOME=C:\Program Files\Java\jdk-17.0.12
PATH=D:\3emeA42\app\oracle\product\11.2.0\server\bin;C:\Python312\Scripts\;C:\Python312\;C:\Program Files (x86)\VMware\VMware Workstation\bin\;C:\WINDOWS\system32;C:\WINDOWS;C:\WINDOWS\System32\Wbem;C:\WINDOWS\System32\WindowsPowerShell\v1.0\;C:\WINDOWS\System32\OpenSSH\;C:\ProgramData\chocolatey\bin;C:\Program Files\appache\apache-maven-3.8.4\bin;C:\terraform_1.8.4_windows_386\;C:\Program Files\symfony-cli;D:\3emeA42\CodeBlocks\MinGW\bin;D:\3emeA42\GnuWin32\bin;C:\ProgramData\ComposerSetup\bin;C:\WINDOWS\system32;C:\WINDOWS;C:\WINDOWS\System32\Wbem;C:\WINDOWS\System32\WindowsPowerShell\v1.0\;C:\WINDOWS\System32\OpenSSH\;C:\Program Files\Git\cmd;C:\xamp\php;C:\Program Files\Java\jdk-17.0.12;C:\Users\21658\Downloads\jdk-17.0.12\bin;D:\3emeA42\app\oracle\product\11.2.0\server\bin;C:\Python312\Scripts\;C:\Python312\;C:\Program Files (x86)\VMware\VMware Workstation\bin\;C:\WINDOWS\system32;C:\WINDOWS;C:\WINDOWS\System32\Wbem;C:\WINDOWS\System32\WindowsPowerShell\v1.0\;C:\WINDOWS\System32\OpenSSH\;C:\ProgramData\chocolatey\bin;C:\Program Files\appache\apache-maven-3.8.4\bin;C:\terraform_1.8.4_windows_386\;C:\Program Files\symfony-cli;D:\3emeA42\CodeBlocks\MinGW\bin;D:\3emeA42\GnuWin32\bin;C:\ProgramData\ComposerSetup\bin;C:\WINDOWS\system32;C:\WINDOWS;C:\WINDOWS\System32\Wbem;C:\WINDOWS\System32\WindowsPowerShell\v1.0\;C:\WINDOWS\System32\OpenSSH\;C:\Program Files\Git\cmd;C:\xamp\php;C:\Program Files\Java\jdk-17.0.12\bin;C:\Users\21658\Downloads\openjfx-17.0.14_windows-x64_bin-sdk.zip\javafx-sdk-17.0.14\lib;C:\WINDOWS\system32\config\systemprofile\AppData\Local\Microsoft\WindowsApps;C:\Program Files\JetBrains\IntelliJ IDEA 2023.3.4\bin;C:\Users\21658\AppData\Local\Programs\Microsoft VS Code\bin;
USERNAME=21658
OS=Windows_NT
PROCESSOR_IDENTIFIER=Intel64 Family 6 Model 142 Stepping 12, GenuineIntel
TMP=C:\Users\21658\AppData\Local\Temp
TEMP=C:\Users\21658\AppData\Local\Temp




Periodic native trim disabled

---------------  S Y S T E M  ---------------

OS:
 Windows 11 , 64 bit Build 26100 (10.0.26100.3775)
OS uptime: 0 days 22:03 hours
Hyper-V role detected

CPU: total 4 (initial active 4) (2 cores per cpu, 2 threads per core) family 6 model 142 stepping 12 microcode 0xde, cx8, cmov, fxsr, ht, mmx, 3dnowpref, sse, sse2, sse3, ssse3, sse4.1, sse4.2, popcnt, lzcnt, tsc, tscinvbit, avx, avx2, aes, erms, clmul, bmi1, bmi2, adx, fma, vzeroupper, clflush, clflushopt, hv, rdtscp, f16c
Processor Information for the first 4 processors :
  Max Mhz: 2501, Current Mhz: 2501, Mhz Limit: 2501

Memory: 4k page, system-wide physical 20317M (4340M free)
TotalPageFile size 50703M (AvailPageFile size 0M)
current process WorkingSet (physical memory assigned to process): 55M, peak: 55M
current process commit charge ("private bytes"): 404M, peak: 404M

vm_info: OpenJDK 64-Bit Server VM (23.0.2+7-FR) for windows-amd64 JRE (23.0.2+7-FR), built on 2025-01-07T22:59:58Z with MS VC++ 16.10 / 16.11 (VS2019)

END.
