#
# There is insufficient memory for the Java Runtime Environment to continue.
# Native memory allocation (malloc) failed to allocate 132720 bytes. Error detail: Chunk::new# Possible reasons:
#   The system is out of physical RAM or swap space
#   This process is running with CompressedOops enabled, and the Java Heap may be blocking the growth of the native heap
# Possible solutions:
#   Reduce memory load on the system
#   Increase physical memory or swap space
#   Check if swap backing store is full
#   Decrease Java heap size (-Xmx/-Xms)
#   Decrease number of Java threads
#   Decrease Java thread stack sizes (-Xss)
#   Set larger code cache with -XX:ReservedCodeCacheSize=
#
#  
#
# ]  (no source info available)
V  [jvm.dll+0x8e5d05]  (no source info available)
V  [jvm.dll+0x8e7fbe]  (no source info available)
V  [jvm.dll+0x8e86a3]  (no source info available)
V  [jvm.dll+0x285ee6]  (no source info available)
V  [jvm.dll+0xbd2df]  (no source info available)
V  [jvm.dll+0xbd53b]  (no source info available)
V  [jvm.dll+0x3c248b]  (no source info available)
V  [jvm.dll+0x3983ed]  (no source info available)
V  [jvm.dll+0x39785a]  (no source info available)
V  [jvm.dll+0x24f230]  (no source info available)
V  [jvm.dll+0x24e731]  (no source info available)
V  [jvm.dll+0x1cb73a]  (no source info available)
V  [jvm.dll+0x25e6b1]  (no source info available)
V  [jvm.dll+0x25c97b]  (no source info available)
V  [jvm.dll+0x3fd8f6]  (no source info available)
V  [jvm.dll+0x88b4a8]  (no source info available)
V  [jvm.dll+0x6f23a5]  (no source info available)
C  [ucrtbase.dll+0x37b0]  (no source info available)
C  [KERNEL32.DLL+0x2e8d7]  (no source info available)
C  [ntdll.dll+0xb14fc]  (no source info available)

Lock stack of current Java thread (top to bottom):


---------------  P R O C E S S  ---------------

Threads class SMR info:
_java_thread_list=0x000001ec637349e0, length=12, elements={
0x000001ec40fc7890, 0x000001ec635faa80, 0x000001ec635fe210, 0x000001ec63601da0,
0x000001ec63602800, 0x000001ec63603260, 0x000001ec63603cc0, 0x000001ec63604a50,
0x000001ec6360a1d0, 0x000001ec6362aa30, 0x000001ec637608d0, 0x000001ec63760f40
}

Java Threads: ( => current thread )
  0x000001ec40fc7890 JavaThread "main"                              [_thread_in_Java, id=3800, stack(0x0000006d59800000,0x0000006d59900000) (1024K)]
  0x000001ec635faa80 JavaThread "Reference Handler"          daemon [_thread_blocked, id=26144, stack(0x0000006d5a100000,0x0000006d5a200000) (1024K)]
  0x000001ec635fe210 JavaThread "Finalizer"                  daemon [_thread_blocked, id=26148, stack(0x0000006d5a200000,0x0000006d5a300000) (1024K)]
  0x000001ec63601da0 JavaThread "Signal Dispatcher"          daemon [_thread_blocked, id=26156, stack(0x0000006d5a300000,0x0000006d5a400000) (1024K)]
  0x000001ec63602800 JavaThread "Attach Listener"            daemon [_thread_blocked, id=26160, stack(0x0000006d5a400000,0x0000006d5a500000) (1024K)]
  0x000001ec63603260 JavaThread "Service Thread"             daemon [_thread_blocked, id=26164, stack(0x0000006d5a500000,0x0000006d5a600000) (1024K)]
  0x000001ec63603cc0 JavaThread "Monitor Deflation Thread"   daemon [_thread_blocked, id=26168, stack(0x0000006d5a600000,0x0000006d5a700000) (1024K)]
=>0x000001ec63604a50 JavaThread "C2 CompilerThread0"         daemon [_thread_in_native, id=26172, stack(0x0000006d5a700000,0x0000006d5a800000) (1024K)]
  0x000001ec6360a1d0 JavaThread "C1 CompilerThread0"         daemon [_thread_in_native, id=26392, stack(0x0000006d5a800000,0x0000006d5a900000) (1024K)]
  0x000001ec6362aa30 JavaThread "Common-Cleaner"             daemon [_thread_blocked, id=26596, stack(0x0000006d5a900000,0x0000006d5aa00000) (1024K)]
  0x000001ec637608d0 JavaThread "Monitor Ctrl-Break"         daemon [_thread_in_native, id=28200, stack(0x0000006d5aa00000,0x0000006d5ab00000) (1024K)]
  0x000001ec63760f40 JavaThread "Notification Thread"        daemon [_thread_blocked, id=28204, stack(0x0000006d5ab00000,0x0000006d5ac00000) (1024K)]
Total: 12

Other Threads:
  0x000001ec635e1120 VMThread "VM Thread"                           [id=20408, stack(0x0000006d5a000000,0x0000006d5a100000) (1024K)]
  0x000001ec635ce1c0 WatcherThread "VM Periodic Task Thread"        [id=11560, stack(0x0000006d59f00000,0x0000006d5a000000) (1024K)]
  0x000001ec433d19f0 WorkerThread "GC Thread#0"                     [id=12820, stack(0x0000006d59a00000,0x0000006d59b00000) (1024K)]
  0x000001ec433e0fd0 ConcurrentGCThread "G1 Main Marker"            [id=8056, stack(0x0000006d59b00000,0x0000006d59c00000) (1024K)]
  0x000001ec433e2910 WorkerThread "G1 Conc#0"                       [id=8180, stack(0x0000006d59c00000,0x0000006d59d00000) (1024K)]
  0x000001ec634a24d0 ConcurrentGCThread "G1 Refine#0"               [id=9348, stack(0x0000006d59d00000,0x0000006d59e00000) (1024K)]
  0x000001ec43419b10 ConcurrentGCThread "G1 Service"                [id=20432, stack(0x0000006d59e00000,0x0000006d59f00000) (1024K)]
Total: 7

Threads with active compile tasks:
C2 CompilerThread0  13765  872   !   4       java.util.zip.ZipFile::getEntry (59 bytes)
C1 CompilerThread0  13765  896       3       jdk.internal.loader.URLClassPath$JarLoader$2::getManifest (26 bytes)
Total: 2

VM state: not at safepoint (normal execution)

VM Mutex/Monitor currently owned by a thread:  ([mutex/lock_event])
[0x00007ff9cbff6858] MethodCompileQueue_lock - owner thread: 0x0000000000000000

Heap address: 0x00000006c2800000, size: 5080 MB, Compressed Oops mode: Zero based, Oop shift amount: 3

CDS archive(s) mapped at: [0x000001ec64000000-0x000001ec64d70000-0x000001ec64d70000), size 14090240, SharedBaseAddress: 0x000001ec64000000, ArchiveRelocationMode: 1.
Compressed class space mapped at: 0x000001ec65000000-0x000001eca5000000, reserved size: 1073741824
Narrow klass base: 0x000001ec64000000, Narrow klass shift: 0, Narrow klass range: 0x41000000

GC Precious Log:
 CardTable entry size: 512
 Card Set container configuration: InlinePtr #cards 4 size 8 Array Of Cards #cards 32 size 80 Howl #buckets 8 coarsen threshold 7372 Howl Bitmap #cards 1024 size 144 coarsen threshold 921 Card regions per heap region 1 cards per card region 8192
 CPUs: 4 total, 4 available
 Memory: 20317M
 Large Page Support: Disabled
 NUMA Support: Disabled
 Compressed Oops: Enabled (Zero based)
 Heap Region Size: 4M
 Heap Min Capacity: 8M
 Heap Initial Capacity: 320M
 Heap Max Capacity: 5080M
 Pre-touch: Disabled
 Parallel Workers: 4
 Concurrent Workers: 1
 Concurrent Refinement Workers: 4
 Periodic GC: Disabled

Heap:
 garbage-first heap   total reserved 5201920K, committed 327680K, used 4096K [0x00000006c2800000, 0x0000000800000000)
  region size 4096K, 3 young (12288K), 0 survivors (0K)
 Metaspace       used 3465K, committed 3584K, reserved 1114112K
  class space    used 339K, committed 384K, reserved 1048576K

Heap Regions: E=young(eden), S=young(survivor), O=old, HS=humongous(starts), HC=humongous(continues), CS=collection set, F=free, TAMS=top-at-mark-start, PB=parsable bottom
|   0|0x00000006c2800000, 0x00000006c2800000, 0x00000006c2c00000|  0%| F|  |TAMS 0x00000006c2800000| PB 0x00000006c2800000| Untracked |  0
|   1|0x00000006c2c00000, 0x00000006c2c00000, 0x00000006c3000000|  0%| F|  |TAMS 0x00000006c2c00000| PB 0x00000006c2c00000| Untracked |  0
|   2|0x00000006c3000000, 0x00000006c3000000, 0x00000006c3400000|  0%| F|  |TAMS 0x00000006c3000000| PB 0x00000006c3000000| Untracked |  0
|   3|0x00000006c3400000, 0x00000006c3400000, 0x00000006c3800000|  0%| F|  |TAMS 0x00000006c3400000| PB 0x00000006c3400000| Untracked |  0
|   4|0x00000006c3800000, 0x00000006c3800000, 0x00000006c3c00000|  0%| F|  |TAMS 0x00000006c3800000| PB 0x00000006c3800000| Untracked |  0
|   5|0x00000006c3c00000, 0x00000006c3c00000, 0x00000006c4000000|  0%| F|  |TAMS 0x00000006c3c00000| PB 0x00000006c3c00000| Untracked |  0
|   6|0x00000006c4000000, 0x00000006c4000000, 0x00000006c4400000|  0%| F|  |TAMS 0x00000006c4000000| PB 0x00000006c4000000| Untracked |  0
|   7|0x00000006c4400000, 0x00000006c4400000, 0x00000006c4800000|  0%| F|  |TAMS 0x00000006c4400000| PB 0x00000006c4400000| Untracked |  0
|   8|0x00000006c4800000, 0x00000006c4800000, 0x00000006c4c00000|  0%| F|  |TAMS 0x00000006c4800000| PB 0x00000006c4800000| Untracked |  0
|   9|0x00000006c4c00000, 0x00000006c4c00000, 0x00000006c5000000|  0%| F|  |TAMS 0x00000006c4c00000| PB 0x00000006c4c00000| Untracked |  0
|  10|0x00000006c5000000, 0x00000006c5000000, 0x00000006c5400000|  0%| F|  |TAMS 0x00000006c5000000| PB 0x00000006c5000000| Untracked |  0
|  11|0x00000006c5400000, 0x00000006c5400000, 0x00000006c5800000|  0%| F|  |TAMS 0x00000006c5400000| PB 0x00000006c5400000| Untracked |  0
|  12|0x00000006c5800000, 0x00000006c5800000, 0x00000006c5c00000|  0%| F|  |TAMS 0x00000006c5800000| PB 0x00000006c5800000| Untracked |  0
|  13|0x00000006c5c00000, 0x00000006c5c00000, 0x00000006c6000000|  0%| F|  |TAMS 0x00000006c5c00000| PB 0x00000006c5c00000| Untracked |  0
|  14|0x00000006c6000000, 0x00000006c6000000, 0x00000006c6400000|  0%| F|  |TAMS 0x00000006c6000000| PB 0x00000006c6000000| Untracked |  0
|  15|0x00000006c6400000, 0x00000006c6400000, 0x00000006c6800000|  0%| F|  |TAMS 0x00000006c6400000| PB 0x00000006c6400000| Untracked |  0
|  16|0x00000006c6800000, 0x00000006c6800000, 0x00000006c6c00000|  0%| F|  |TAMS 0x00000006c6800000| PB 0x00000006c6800000| Untracked |  0
|  17|0x00000006c6c00000, 0x00000006c6c00000, 0x00000006c7000000|  0%| F|  |TAMS 0x00000006c6c00000| PB 0x00000006c6c00000| Untracked |  0
|  18|0x00000006c7000000, 0x00000006c7000000, 0x00000006c7400000|  0%| F|  |TAMS 0x00000006c7000000| PB 0x00000006c7000000| Untracked |  0
|  19|0x00000006c7400000, 0x00000006c7400000, 0x00000006c7800000|  0%| F|  |TAMS 0x00000006c7400000| PB 0x00000006c7400000| Untracked |  0
|  20|0x00000006c7800000, 0x00000006c7800000, 0x00000006c7c00000|  0%| F|  |TAMS 0x00000006c7800000| PB 0x00000006c7800000| Untracked |  0
|  21|0x00000006c7c00000, 0x00000006c7c00000, 0x00000006c8000000|  0%| F|  |TAMS 0x00000006c7c00000| PB 0x00000006c7c00000| Untracked |  0
|  22|0x00000006c8000000, 0x00000006c8000000, 0x00000006c8400000|  0%| F|  |TAMS 0x00000006c8000000| PB 0x00000006c8000000| Untracked |  0
|  23|0x00000006c8400000, 0x00000006c8400000, 0x00000006c8800000|  0%| F|  |TAMS 0x00000006c8400000| PB 0x00000006c8400000| Untracked |  0
|  24|0x00000006c8800000, 0x00000006c8800000, 0x00000006c8c00000|  0%| F|  |TAMS 0x00000006c8800000| PB 0x00000006c8800000| Untracked |  0
|  25|0x00000006c8c00000, 0x00000006c8c00000, 0x00000006c9000000|  0%| F|  |TAMS 0x00000006c8c00000| PB 0x00000006c8c00000| Untracked |  0
|  26|0x00000006c9000000, 0x00000006c9000000, 0x00000006c9400000|  0%| F|  |TAMS 0x00000006c9000000| PB 0x00000006c9000000| Untracked |  0
|  27|0x00000006c9400000, 0x00000006c9400000, 0x00000006c9800000|  0%| F|  |TAMS 0x00000006c9400000| PB 0x00000006c9400000| Untracked |  0
|  28|0x00000006c9800000, 0x00000006c9800000, 0x00000006c9c00000|  0%| F|  |TAMS 0x00000006c9800000| PB 0x00000006c9800000| Untracked |  0
|  29|0x00000006c9c00000, 0x00000006c9c00000, 0x00000006ca000000|  0%| F|  |TAMS 0x00000006c9c00000| PB 0x00000006c9c00000| Untracked |  0
|  30|0x00000006ca000000, 0x00000006ca000000, 0x00000006ca400000|  0%| F|  |TAMS 0x00000006ca000000| PB 0x00000006ca000000| Untracked |  0
|  31|0x00000006ca400000, 0x00000006ca400000, 0x00000006ca800000|  0%| F|  |TAMS 0x00000006ca400000| PB 0x00000006ca400000| Untracked |  0
|  32|0x00000006ca800000, 0x00000006ca800000, 0x00000006cac00000|  0%| F|  |TAMS 0x00000006ca800000| PB 0x00000006ca800000| Untracked |  0
|  33|0x00000006cac00000, 0x00000006cac00000, 0x00000006cb000000|  0%| F|  |TAMS 0x00000006cac00000| PB 0x00000006cac00000| Untracked |  0
|  34|0x00000006cb000000, 0x00000006cb000000, 0x00000006cb400000|  0%| F|  |TAMS 0x00000006cb000000| PB 0x00000006cb000000| Untracked |  0
|  35|0x00000006cb400000, 0x00000006cb400000, 0x00000006cb800000|  0%| F|  |TAMS 0x00000006cb400000| PB 0x00000006cb400000| Untracked |  0
|  36|0x00000006cb800000, 0x00000006cb800000, 0x00000006cbc00000|  0%| F|  |TAMS 0x00000006cb800000| PB 0x00000006cb800000| Untracked |  0
|  37|0x00000006cbc00000, 0x00000006cbc00000, 0x00000006cc000000|  0%| F|  |TAMS 0x00000006cbc00000| PB 0x00000006cbc00000| Untracked |  0
|  38|0x00000006cc000000, 0x00000006cc000000, 0x00000006cc400000|  0%| F|  |TAMS 0x00000006cc000000| PB 0x00000006cc000000| Untracked |  0
|  39|0x00000006cc400000, 0x00000006cc400000, 0x00000006cc800000|  0%| F|  |TAMS 0x00000006cc400000| PB 0x00000006cc400000| Untracked |  0
|  40|0x00000006cc800000, 0x00000006cc800000, 0x00000006ccc00000|  0%| F|  |TAMS 0x00000006cc800000| PB 0x00000006cc800000| Untracked |  0
|  41|0x00000006ccc00000, 0x00000006ccc00000, 0x00000006cd000000|  0%| F|  |TAMS 0x00000006ccc00000| PB 0x00000006ccc00000| Untracked |  0
|  42|0x00000006cd000000, 0x00000006cd000000, 0x00000006cd400000|  0%| F|  |TAMS 0x00000006cd000000| PB 0x00000006cd000000| Untracked |  0
|  43|0x00000006cd400000, 0x00000006cd400000, 0x00000006cd800000|  0%| F|  |TAMS 0x00000006cd400000| PB 0x00000006cd400000| Untracked |  0
|  44|0x00000006cd800000, 0x00000006cd800000, 0x00000006cdc00000|  0%| F|  |TAMS 0x00000006cd800000| PB 0x00000006cd800000| Untracked |  0
|  45|0x00000006cdc00000, 0x00000006cdc00000, 0x00000006ce000000|  0%| F|  |TAMS 0x00000006cdc00000| PB 0x00000006cdc00000| Untracked |  0
|  46|0x00000006ce000000, 0x00000006ce000000, 0x00000006ce400000|  0%| F|  |TAMS 0x00000006ce000000| PB 0x00000006ce000000| Untracked |  0
|  47|0x00000006ce400000, 0x00000006ce400000, 0x00000006ce800000|  0%| F|  |TAMS 0x00000006ce400000| PB 0x00000006ce400000| Untracked |  0
|  48|0x00000006ce800000, 0x00000006ce800000, 0x00000006cec00000|  0%| F|  |TAMS 0x00000006ce800000| PB 0x00000006ce800000| Untracked |  0
|  49|0x00000006cec00000, 0x00000006cec00000, 0x00000006cf000000|  0%| F|  |TAMS 0x00000006cec00000| PB 0x00000006cec00000| Untracked |  0
|  50|0x00000006cf000000, 0x00000006cf000000, 0x00000006cf400000|  0%| F|  |TAMS 0x00000006cf000000| PB 0x00000006cf000000| Untracked |  0
|  51|0x00000006cf400000, 0x00000006cf400000, 0x00000006cf800000|  0%| F|  |TAMS 0x00000006cf400000| PB 0x00000006cf400000| Untracked |  0
|  52|0x00000006cf800000, 0x00000006cf800000, 0x00000006cfc00000|  0%| F|  |TAMS 0x00000006cf800000| PB 0x00000006cf800000| Untracked |  0
|  53|0x00000006cfc00000, 0x00000006cfc00000, 0x00000006d0000000|  0%| F|  |TAMS 0x00000006cfc00000| PB 0x00000006cfc00000| Untracked |  0
|  54|0x00000006d0000000, 0x00000006d0000000, 0x00000006d0400000|  0%| F|  |TAMS 0x00000006d0000000| PB 0x00000006d0000000| Untracked |  0
|  55|0x00000006d0400000, 0x00000006d0400000, 0x00000006d0800000|  0%| F|  |TAMS 0x00000006d0400000| PB 0x00000006d0400000| Untracked |  0
|  56|0x00000006d0800000, 0x00000006d0800000, 0x00000006d0c00000|  0%| F|  |TAMS 0x00000006d0800000| PB 0x00000006d0800000| Untracked |  0
|  57|0x00000006d0c00000, 0x00000006d0c00000, 0x00000006d1000000|  0%| F|  |TAMS 0x00000006d0c00000| PB 0x00000006d0c00000| Untracked |  0
|  58|0x00000006d1000000, 0x00000006d1000000, 0x00000006d1400000|  0%| F|  |TAMS 0x00000006d1000000| PB 0x00000006d1000000| Untracked |  0
|  59|0x00000006d1400000, 0x00000006d1400000, 0x00000006d1800000|  0%| F|  |TAMS 0x00000006d1400000| PB 0x00000006d1400000| Untracked |  0
|  60|0x00000006d1800000, 0x00000006d1800000, 0x00000006d1c00000|  0%| F|  |TAMS 0x00000006d1800000| PB 0x00000006d1800000| Untracked |  0
|  61|0x00000006d1c00000, 0x00000006d1c00000, 0x00000006d2000000|  0%| F|  |TAMS 0x00000006d1c00000| PB 0x00000006d1c00000| Untracked |  0
|  62|0x00000006d2000000, 0x00000006d2000000, 0x00000006d2400000|  0%| F|  |TAMS 0x00000006d2000000| PB 0x00000006d2000000| Untracked |  0
|  63|0x00000006d2400000, 0x00000006d2400000, 0x00000006d2800000|  0%| F|  |TAMS 0x00000006d2400000| PB 0x00000006d2400000| Untracked |  0
|  64|0x00000006d2800000, 0x00000006d2800000, 0x00000006d2c00000|  0%| F|  |TAMS 0x00000006d2800000| PB 0x00000006d2800000| Untracked |  0
|  65|0x00000006d2c00000, 0x00000006d2c00000, 0x00000006d3000000|  0%| F|  |TAMS 0x00000006d2c00000| PB 0x00000006d2c00000| Untracked |  0
|  66|0x00000006d3000000, 0x00000006d3000000, 0x00000006d3400000|  0%| F|  |TAMS 0x00000006d3000000| PB 0x00000006d3000000| Untracked |  0
|  67|0x00000006d3400000, 0x00000006d3400000, 0x00000006d3800000|  0%| F|  |TAMS 0x00000006d3400000| PB 0x00000006d3400000| Untracked |  0
|  68|0x00000006d3800000, 0x00000006d3800000, 0x00000006d3c00000|  0%| F|  |TAMS 0x00000006d3800000| PB 0x00000006d3800000| Untracked |  0
|  69|0x00000006d3c00000, 0x00000006d3c00000, 0x00000006d4000000|  0%| F|  |TAMS 0x00000006d3c00000| PB 0x00000006d3c00000| Untracked |  0
|  70|0x00000006d4000000, 0x00000006d4000000, 0x00000006d4400000|  0%| F|  |TAMS 0x00000006d4000000| PB 0x00000006d4000000| Untracked |  0
|  71|0x00000006d4400000, 0x00000006d4400000, 0x00000006d4800000|  0%| F|  |TAMS 0x00000006d4400000| PB 0x00000006d4400000| Untracked |  0
|  72|0x00000006d4800000, 0x00000006d4800000, 0x00000006d4c00000|  0%| F|  |TAMS 0x00000006d4800000| PB 0x00000006d4800000| Untracked |  0
|  73|0x00000006d4c00000, 0x00000006d4c00000, 0x00000006d5000000|  0%| F|  |TAMS 0x00000006d4c00000| PB 0x00000006d4c00000| Untracked |  0
|  74|0x00000006d5000000, 0x00000006d5000000, 0x00000006d5400000|  0%| F|  |TAMS 0x00000006d5000000| PB 0x00000006d5000000| Untracked |  0
|  75|0x00000006d5400000, 0x00000006d5400000, 0x00000006d5800000|  0%| F|  |TAMS 0x00000006d5400000| PB 0x00000006d5400000| Untracked |  0
|  76|0x00000006d5800000, 0x00000006d5800000, 0x00000006d5c00000|  0%| F|  |TAMS 0x00000006d5800000| PB 0x00000006d5800000| Untracked |  0
|  77|0x00000006d5c00000, 0x00000006d5f388c8, 0x00000006d6000000| 80%| E|  |TAMS 0x00000006d5c00000| PB 0x00000006d5c00000| Complete |  0
|  78|0x00000006d6000000, 0x00000006d6400000, 0x00000006d6400000|100%| E|CS|TAMS 0x00000006d6000000| PB 0x00000006d6000000| Complete |  0
|  79|0x00000006d6400000, 0x00000006d6800000, 0x00000006d6800000|100%| E|  |TAMS 0x00000006d6400000| PB 0x00000006d6400000| Complete |  0

Card table byte_map: [0x000001ec5b6e0000,0x000001ec5c0d0000] _byte_map_base: 0x000001ec580cc000

Marking Bits: (CMBitMap*) 0x000001ec433d2010
 Bits: [0x000001ec5c0d0000, 0x000001ec61030000)

Polling page: 0x000001ec42940000

Metaspace:

Usage:
  Non-class:      3.06 MB used.
      Class:    339.85 KB used.
       Both:      3.39 MB used.

Virtual space:
  Non-class space:       64.00 MB reserved,       3.12 MB (  5%) committed,  1 nodes.
      Class space:        1.00 GB reserved,     384.00 KB ( <1%) committed,  1 nodes.
             Both:        1.06 GB reserved,       3.50 MB ( <1%) committed. 

Chunk freelists:
   Non-Class:  10.78 MB
       Class:  15.56 MB
        Both:  26.34 MB

MaxMetaspaceSize: unlimited
CompressedClassSpaceSize: 1.00 GB
Initial GC threshold: 21.00 MB
Current GC threshold: 21.00 MB
CDS: on
 - commit_granule_bytes: 65536.
 - commit_granule_words: 8192.
 - virtual_space_node_default_size: 8388608.
 - enlarge_chunks_in_place: 1.
 - use_allocation_guard: 0.


Internal statistics:

num_allocs_failed_limit: 0.
num_arena_births: 42.
num_arena_deaths: 0.
num_vsnodes_births: 2.
num_vsnodes_deaths: 0.
num_space_committed: 56.
num_space_uncommitted: 0.
num_chunks_returned_to_freelist: 0.
num_chunks_taken_from_freelist: 108.
num_chunk_merges: 0.
num_chunk_splits: 73.
num_chunks_enlarged: 56.
num_inconsistent_stats: 0.

CodeHeap 'non-profiled nmethods': size=120064Kb used=247Kb max_used=247Kb free=119816Kb
 bounds [0x000001ec537b0000, 0x000001ec53a20000, 0x000001ec5acf0000]
CodeHeap 'profiled nmethods': size=120000Kb used=1258Kb max_used=1258Kb free=118741Kb
 bounds [0x000001ec4bcf0000, 0x000001ec4bf60000, 0x000001ec53220000]
CodeHeap 'non-nmethods': size=5696Kb used=1355Kb max_used=1374Kb free=4340Kb
 bounds [0x000001ec53220000, 0x000001ec53490000, 0x000001ec537b0000]
CodeCache: size=245760Kb, used=2860Kb, max_used=2879Kb, free=242897Kb
 total_blobs=1366, nmethods=897, adapters=375, full_count=0
Compilation: enabled, stopped_count=0, restarted_count=0

Compilation events (20 events):
Event: 13.410 Thread 0x000001ec6360a1d0 nmethod 862 0x000001ec4be1af08 code [0x000001ec4be1b060, 0x000001ec4be1b490]
Event: 13.424 Thread 0x000001ec6360a1d0  863       3       java.lang.StringCoding::hasNegatives (16 bytes)
Event: 13.424 Thread 0x000001ec6360a1d0 nmethod 863 0x000001ec4be1b508 code [0x000001ec4be1b640, 0x000001ec4be1b8d8]
Event: 13.426 Thread 0x000001ec63604a50  864       4       java.util.zip.ZipUtils::SH (21 bytes)
Event: 13.426 Thread 0x000001ec63604a50 nmethod 864 0x000001ec537ebe88 code [0x000001ec537ebf80, 0x000001ec537ec060]
Event: 13.461 Thread 0x000001ec6360a1d0  865       3       jdk.internal.perf.PerfCounter::addElapsedTimeFrom (10 bytes)
Event: 13.461 Thread 0x000001ec6360a1d0 nmethod 865 0x000001ec4be1b908 code [0x000001ec4be1ba40, 0x000001ec4be1bbd8]
Event: 13.466 Thread 0x000001ec63604a50  866  s!   4       jdk.internal.loader.URLClassPath::getLoader (194 bytes)
Event: 13.469 Thread 0x000001ec6360a1d0  867   !   3       java.util.zip.ZipFile$ZipFileInputStream::read (135 bytes)
Event: 13.470 Thread 0x000001ec6360a1d0 nmethod 867 0x000001ec4be1bc08 code [0x000001ec4be1bda0, 0x000001ec4be1c578]
Event: 13.470 Thread 0x000001ec6360a1d0  868       3       java.util.zip.ZipFile::ensureOpenOrZipException (19 bytes)
Event: 13.470 Thread 0x000001ec6360a1d0 nmethod 868 0x000001ec4be1c608 code [0x000001ec4be1c740, 0x000001ec4be1c948]
Event: 13.470 Thread 0x000001ec6360a1d0  869       3       java.util.zip.ZipFile$ZipFileInputStream::initDataOffset (117 bytes)
Event: 13.470 Thread 0x000001ec6360a1d0 nmethod 869 0x000001ec4be1c988 code [0x000001ec4be1cb20, 0x000001ec4be1d308]
Event: 13.471 Thread 0x000001ec6360a1d0  870       3       java.lang.String::contains (19 bytes)
Event: 13.471 Thread 0x000001ec6360a1d0 nmethod 870 0x000001ec4be1d388 code [0x000001ec4be1d4c0, 0x000001ec4be1d728]
Event: 13.544 Thread 0x000001ec63604a50 nmethod 866 0x000001ec537ec188 code [0x000001ec537ec380, 0x000001ec537ed058]
Event: 13.544 Thread 0x000001ec63604a50  871       4       java.util.zip.ZipFile$Source::getEntryPos (164 bytes)
Event: 13.570 Thread 0x000001ec63604a50 nmethod 871 0x000001ec537ed108 code [0x000001ec537ed2c0, 0x000001ec537edba8]
Event: 13.570 Thread 0x000001ec63604a50  872   !   4       java.util.zip.ZipFile::getEntry (59 bytes)

GC Heap History (0 events):
No events

Dll operation events (12 events):
Event: 0.034 Loaded shared library C:\Users\21658\.jdks\corretto-23.0.2\bin\java.dll
Event: 4.152 Loaded shared library C:\Users\21658\.jdks\corretto-23.0.2\bin\jsvml.dll
Event: 4.220 Loaded shared library C:\Users\21658\.jdks\corretto-23.0.2\bin\zip.dll
Event: 4.239 Loaded shared library C:\Users\21658\.jdks\corretto-23.0.2\bin\instrument.dll
Event: 4.302 Loaded shared library C:\Users\21658\.jdks\corretto-23.0.2\bin\net.dll
Event: 4.308 Loaded shared library C:\Users\21658\.jdks\corretto-23.0.2\bin\nio.dll
Event: 4.312 Loaded shared library C:\Users\21658\.jdks\corretto-23.0.2\bin\zip.dll
Event: 5.185 Loaded shared library C:\Program Files\JetBrains\IntelliJ IDEA 2023.3.4\bin\breakgen64.dll
Event: 6.367 Loaded shared library C:\Users\21658\.jdks\corretto-23.0.2\bin\extnet.dll
Event: 8.256 Loaded shared library C:\Users\21658\.jdks\corretto-23.0.2\bin\jimage.dll
Event: 8.551 Loaded shared library C:\Users\21658\AppData\Local\Temp\jansi-2.4.0-4ed07a8b850482e1-jansi.dll
Event: 8.573 Loaded shared library C:\Users\21658\.jdks\corretto-23.0.2\bin\verify.dll

Deoptimization events (20 events):
Event: 7.501 Thread 0x000001ec40fc7890 Uncommon trap: trap_request=0xffffff45 fr.pc=0x000001ec537c7164 relative=0x0000000000000164
Event: 7.501 Thread 0x000001ec40fc7890 Uncommon trap: reason=unstable_if action=reinterpret pc=0x000001ec537c7164 method=java.lang.StringCoding.countPositives([BII)I @ 17 c2
Event: 7.501 Thread 0x000001ec40fc7890 DEOPT PACKING pc=0x000001ec537c7164 sp=0x0000006d598fa730
Event: 7.501 Thread 0x000001ec40fc7890 DEOPT UNPACKING pc=0x000001ec53274402 sp=0x0000006d598fa6d0 mode 2
Event: 8.665 Thread 0x000001ec40fc7890 DEOPT PACKING pc=0x000001ec4bd1440f sp=0x0000006d598fdb10
Event: 8.665 Thread 0x000001ec40fc7890 DEOPT UNPACKING pc=0x000001ec53274b22 sp=0x0000006d598fcfc0 mode 0
Event: 11.421 Thread 0x000001ec40fc7890 DEOPT PACKING pc=0x000001ec4bd4b78d sp=0x0000006d598fde70
Event: 11.421 Thread 0x000001ec40fc7890 DEOPT UNPACKING pc=0x000001ec53274b22 sp=0x0000006d598fd2c0 mode 0
Event: 13.126 Thread 0x000001ec40fc7890 Uncommon trap: trap_request=0xffffff45 fr.pc=0x000001ec537c6a38 relative=0x00000000000004f8
Event: 13.126 Thread 0x000001ec40fc7890 Uncommon trap: reason=unstable_if action=reinterpret pc=0x000001ec537c6a38 method=java.lang.StringLatin1.canEncode(C)Z @ 4 c2
Event: 13.126 Thread 0x000001ec40fc7890 DEOPT PACKING pc=0x000001ec537c6a38 sp=0x0000006d598fe5e0
Event: 13.126 Thread 0x000001ec40fc7890 DEOPT UNPACKING pc=0x000001ec53274402 sp=0x0000006d598fe510 mode 2
Event: 13.126 Thread 0x000001ec40fc7890 Uncommon trap: trap_request=0xffffff45 fr.pc=0x000001ec537c6218 relative=0x00000000000004d8
Event: 13.126 Thread 0x000001ec40fc7890 Uncommon trap: reason=unstable_if action=reinterpret pc=0x000001ec537c6218 method=java.lang.AbstractStringBuilder.isLatin1()Z @ 10 c2
Event: 13.126 Thread 0x000001ec40fc7890 DEOPT PACKING pc=0x000001ec537c6218 sp=0x0000006d598fe600
Event: 13.126 Thread 0x000001ec40fc7890 DEOPT UNPACKING pc=0x000001ec53274402 sp=0x0000006d598fe590 mode 2
Event: 13.126 Thread 0x000001ec40fc7890 Uncommon trap: trap_request=0xffffff45 fr.pc=0x000001ec537de3dc relative=0x000000000000005c
Event: 13.126 Thread 0x000001ec40fc7890 Uncommon trap: reason=unstable_if action=reinterpret pc=0x000001ec537de3dc method=java.lang.AbstractStringBuilder.isLatin1()Z @ 10 c2
Event: 13.126 Thread 0x000001ec40fc7890 DEOPT PACKING pc=0x000001ec537de3dc sp=0x0000006d598fe600
Event: 13.126 Thread 0x000001ec40fc7890 DEOPT UNPACKING pc=0x000001ec53274402 sp=0x0000006d598fe590 mode 2

Classes loaded (20 events):
Event: 9.668 Loading class java/lang/TypeNotPresentException
Event: 9.668 Loading class java/lang/TypeNotPresentException done
Event: 11.412 Loading class java/util/concurrent/atomic/AtomicReference
Event: 11.412 Loading class java/util/concurrent/atomic/AtomicReference done
Event: 11.413 Loading class jdk/internal/foreign/MemorySessionImpl
Event: 11.413 Loading class java/lang/foreign/MemorySegment$Scope
Event: 11.413 Loading class java/lang/foreign/MemorySegment$Scope done
Event: 11.413 Loading class jdk/internal/foreign/MemorySessionImpl done
Event: 11.424 Loading class java/text/ParseException
Event: 11.424 Loading class java/text/ParseException done
Event: 11.604 Loading class sun/util/calendar/ZoneInfoFile$Checksum
Event: 11.604 Loading class sun/util/calendar/ZoneInfoFile$Checksum done
Event: 11.608 Loading class jdk/internal/module/ModulePatcher$PatchedModuleReader
Event: 11.608 Loading class jdk/internal/module/ModulePatcher$PatchedModuleReader done
Event: 11.608 Loading class sun/net/www/protocol/jrt/Handler
Event: 11.608 Loading class sun/net/www/protocol/jrt/Handler done
Event: 13.123 Loading class sun/text/resources/cldr/FormatData_en
Event: 13.124 Loading class sun/text/resources/cldr/FormatData_en done
Event: 13.124 Loading class sun/text/resources/cldr/FormatData_en_US
Event: 13.124 Loading class sun/text/resources/cldr/FormatData_en_US done

Classes unloaded (0 events):
No events

Classes redefined (0 events):
No events

Internal exceptions (9 events):
Event: 4.355 Thread 0x000001ec40fc7890 Exception <a 'java/lang/NoSuchMethodError'{0x00000006d6652270}: 'java.lang.Object java.lang.invoke.Invokers$Holder.invokeExact_MT(java.lang.Object, java.lang.Object, java.lang.Object, java.lang.Object, java.lang.Object)'> (0x00000006d6652270) 
thrown [s\src\hotspot\share\interpreter\linkResolver.cpp, line 796]
Event: 5.706 Thread 0x000001ec40fc7890 Exception <a 'java/lang/NoSuchMethodError'{0x00000006d66cfac0}: 'int java.lang.invoke.DirectMethodHandle$Holder.invokeSpecial(java.lang.Object, java.lang.Object, java.lang.Object)'> (0x00000006d66cfac0) 
thrown [s\src\hotspot\share\interpreter\linkResolver.cpp, line 796]
Event: 6.369 Thread 0x000001ec637608d0 Exception <a 'java/lang/NoSuchMethodError'{0x00000006d67a2bd0}: 'void java.lang.invoke.DirectMethodHandle$Holder.invokeStatic(java.lang.Object, java.lang.Object)'> (0x00000006d67a2bd0) 
thrown [s\src\hotspot\share\interpreter\linkResolver.cpp, line 796]
Event: 8.252 Thread 0x000001ec40fc7890 Exception <a 'java/lang/NullPointerException'{0x00000006d6176c08}> (0x00000006d6176c08) 
thrown [s\src\hotspot\share\interpreter\linkResolver.cpp, line 1389]
Event: 8.571 Thread 0x000001ec40fc7890 Exception <a 'sun/nio/fs/WindowsException'{0x00000006d62069a0}> (0x00000006d62069a0) 
thrown [s\src\hotspot\share\prims\jni.cpp, line 520]
Event: 8.571 Thread 0x000001ec40fc7890 Exception <a 'sun/nio/fs/WindowsException'{0x00000006d6207030}> (0x00000006d6207030) 
thrown [s\src\hotspot\share\prims\jni.cpp, line 520]
Event: 8.571 Thread 0x000001ec40fc7890 Exception <a 'sun/nio/fs/WindowsException'{0x00000006d6207540}> (0x00000006d6207540) 
thrown [s\src\hotspot\share\prims\jni.cpp, line 520]
Event: 8.571 Thread 0x000001ec40fc7890 Exception <a 'sun/nio/fs/WindowsException'{0x00000006d6207a00}> (0x00000006d6207a00) 
thrown [s\src\hotspot\share\prims\jni.cpp, line 520]
Event: 8.936 Thread 0x000001ec40fc7890 Exception <a 'java/lang/NoSuchMethodError'{0x00000006d5c2ad48}: 'java.lang.Object java.lang.invoke.DirectMethodHandle$Holder.invokeSpecialIFC(java.lang.Object, java.lang.Object, java.lang.Object, java.lang.Object)'> (0x00000006d5c2ad48) 
thrown [s\src\hotspot\share\interpreter\linkResolver.cpp, line 796]

VM Operations (4 events):
Event: 8.251 Executing VM operation: HandshakeAllThreads (Deoptimize)
Event: 8.251 Executing VM operation: HandshakeAllThreads (Deoptimize) done
Event: 8.260 Executing VM operation: HandshakeAllThreads (Deoptimize)
Event: 8.260 Executing VM operation: HandshakeAllThreads (Deoptimize) done

Memory protections (0 events):
No events

Nmethod flushes (0 events):
No events

Events (12 events):
Event: 0.460 Thread 0x000001ec40fc7890 Thread added: 0x000001ec40fc7890
Event: 2.027 Thread 0x000001ec40fc7890 Thread added: 0x000001ec635faa80
Event: 2.027 Thread 0x000001ec40fc7890 Thread added: 0x000001ec635fe210
Event: 2.027 Thread 0x000001ec40fc7890 Thread added: 0x000001ec63601da0
Event: 2.028 Thread 0x000001ec40fc7890 Thread added: 0x000001ec63602800
Event: 2.028 Thread 0x000001ec40fc7890 Thread added: 0x000001ec63603260
Event: 2.028 Thread 0x000001ec40fc7890 Thread added: 0x000001ec63603cc0
Event: 2.028 Thread 0x000001ec40fc7890 Thread added: 0x000001ec63604a50
Event: 2.379 Thread 0x000001ec40fc7890 Thread added: 0x000001ec6360a1d0
Event: 2.673 Thread 0x000001ec40fc7890 Thread added: 0x000001ec6362aa30
Event: 5.186 Thread 0x000001ec40fc7890 Thread added: 0x000001ec637608d0
Event: 5.186 Thread 0x000001ec40fc7890 Thread added: 0x000001ec63760f40


Dynamic libraries:
0x00007ff659500000 - 0x00007ff65950e000 	C:\Users\21658\.jdks\corretto-23.0.2\bin\java.exe
0x00007ffaa8860000 - 0x00007ffaa8ac0000 	C:\WINDOWS\SYSTEM32\ntdll.dll
0x00007ffaa71a0000 - 0x00007ffaa7267000 	C:\WINDOWS\System32\KERNEL32.DLL
0x00007ffaa5b20000 - 0x00007ffaa5eea000 	C:\WINDOWS\System32\KERNELBASE.dll
0x00007ffaa6340000 - 0x00007ffaa648b000 	C:\WINDOWS\System32\ucrtbase.dll
0x00007ffaa2750000 - 0x00007ffaa2767000 	C:\Users\21658\.jdks\corretto-23.0.2\bin\jli.dll
0x00007ffaa68a0000 - 0x00007ffaa6a6c000 	C:\WINDOWS\System32\USER32.dll
0x00007ffaa5af0000 - 0x00007ffaa5b17000 	C:\WINDOWS\System32\win32u.dll
0x00007ffaa7170000 - 0x00007ffaa719a000 	C:\WINDOWS\System32\GDI32.dll
0x00007ffaa6520000 - 0x00007ffaa6651000 	C:\WINDOWS\System32\gdi32full.dll
0x00007ffaa5a40000 - 0x00007ffaa5ae3000 	C:\WINDOWS\System32\msvcp_win.dll
0x00007ffaa0980000 - 0x00007ffaa099b000 	C:\Users\21658\.jdks\corretto-23.0.2\bin\VCRUNTIME140.dll
0x00007ffa8d970000 - 0x00007ffa8dc07000 	C:\WINDOWS\WinSxS\amd64_microsoft.windows.common-controls_6595b64144ccf1df_6.0.26100.3624_none_3e086962e3345f24\COMCTL32.dll
0x00007ffaa6660000 - 0x00007ffaa6709000 	C:\WINDOWS\System32\msvcrt.dll
0x00007ffaa8600000 - 0x00007ffaa862f000 	C:\WINDOWS\System32\IMM32.DLL
0x00007ffaa0950000 - 0x00007ffaa095c000 	C:\Users\21658\.jdks\corretto-23.0.2\bin\vcruntime140_1.dll
0x00007ffa9be20000 - 0x00007ffa9bead000 	C:\Users\21658\.jdks\corretto-23.0.2\bin\msvcp140.dll
0x00007ff9cb300000 - 0x00007ff9cc0d8000 	C:\Users\21658\.jdks\corretto-23.0.2\bin\server\jvm.dll
0x00007ffaa7b90000 - 0x00007ffaa7c42000 	C:\WINDOWS\System32\ADVAPI32.dll
0x00007ffaa8550000 - 0x00007ffaa85f6000 	C:\WINDOWS\System32\sechost.dll
0x00007ffaa6710000 - 0x00007ffaa6826000 	C:\WINDOWS\System32\RPCRT4.dll
0x00007ffaa79d0000 - 0x00007ffaa7a44000 	C:\WINDOWS\System32\WS2_32.dll
0x00007ffaa58b0000 - 0x00007ffaa590e000 	C:\WINDOWS\SYSTEM32\POWRPROF.dll
0x00007ffa93460000 - 0x00007ffa93496000 	C:\WINDOWS\SYSTEM32\WINMM.dll
0x00007ffa9b340000 - 0x00007ffa9b34b000 	C:\WINDOWS\SYSTEM32\VERSION.dll
0x00007ffaa5890000 - 0x00007ffaa58a4000 	C:\WINDOWS\SYSTEM32\UMPDC.dll
0x00007ffaa4820000 - 0x00007ffaa483a000 	C:\WINDOWS\SYSTEM32\kernel.appcore.dll
0x00007ffaa08e0000 - 0x00007ffaa08ea000 	C:\Users\21658\.jdks\corretto-23.0.2\bin\jimage.dll
0x00007ffa8f3c0000 - 0x00007ffa8f601000 	C:\WINDOWS\SYSTEM32\DBGHELP.DLL
0x00007ffaa81c0000 - 0x00007ffaa8542000 	C:\WINDOWS\System32\combase.dll
0x00007ffaa7c50000 - 0x00007ffaa7d26000 	C:\WINDOWS\System32\OLEAUT32.dll
0x00007ffa8aa30000 - 0x00007ffa8aa69000 	C:\WINDOWS\SYSTEM32\dbgcore.DLL
0x00007ffaa62a0000 - 0x00007ffaa6339000 	C:\WINDOWS\System32\bcryptPrimitives.dll
0x00007ffa9e6c0000 - 0x00007ffa9e6ce000 	C:\Users\21658\.jdks\corretto-23.0.2\bin\instrument.dll
0x00007ffa9e750000 - 0x00007ffa9e76e000 	C:\Users\21658\.jdks\corretto-23.0.2\bin\java.dll
0x00007ffaa6fd0000 - 0x00007ffaa7166000 	C:\WINDOWS\System32\ole32.dll
0x00007ffaa7270000 - 0x00007ffaa7999000 	C:\WINDOWS\System32\SHELL32.dll
0x00007ffaa5fb0000 - 0x00007ffaa6118000 	C:\WINDOWS\System32\wintypes.dll
0x00007ffaa36c0000 - 0x00007ffaa3f12000 	C:\WINDOWS\SYSTEM32\windows.storage.dll
0x00007ffaa6c30000 - 0x00007ffaa6d1d000 	C:\WINDOWS\System32\SHCORE.dll
0x00007ffaa6830000 - 0x00007ffaa6894000 	C:\WINDOWS\System32\shlwapi.dll
0x00007ffaa5950000 - 0x00007ffaa597f000 	C:\WINDOWS\SYSTEM32\profapi.dll
0x00007ffa274b0000 - 0x00007ffa27587000 	C:\Users\21658\.jdks\corretto-23.0.2\bin\jsvml.dll
0x00007ffa9be00000 - 0x00007ffa9be17000 	C:\Users\21658\.jdks\corretto-23.0.2\bin\zip.dll
0x00007ffa9e740000 - 0x00007ffa9e750000 	C:\Users\21658\.jdks\corretto-23.0.2\bin\net.dll
0x00007ffaa4d70000 - 0x00007ffaa4dda000 	C:\WINDOWS\system32\mswsock.dll
0x00007ffa9e6f0000 - 0x00007ffa9e706000 	C:\Users\21658\.jdks\corretto-23.0.2\bin\nio.dll
0x00007ffa6c600000 - 0x00007ffa6c61a000 	C:\Program Files\JetBrains\IntelliJ IDEA 2023.3.4\bin\breakgen64.dll
0x00007ffa9b800000 - 0x00007ffa9b809000 	C:\Users\21658\.jdks\corretto-23.0.2\bin\extnet.dll
0x0000000069ac0000 - 0x0000000069ae4000 	C:\Users\21658\AppData\Local\Temp\jansi-2.4.0-4ed07a8b850482e1-jansi.dll
0x00007ffa86cd0000 - 0x00007ffa86ce0000 	C:\Users\21658\.jdks\corretto-23.0.2\bin\verify.dll

dbghelp: loaded successfully - version: 4.0.5 - missing functions: none
symbol engine: initialized successfully - sym options: 0x614 - pdb path: .;C:\Users\21658\.jdks\corretto-23.0.2\bin;C:\WINDOWS\SYSTEM32;C:\WINDOWS\WinSxS\amd64_microsoft.windows.common-controls_6595b64144ccf1df_6.0.26100.3624_none_3e086962e3345f24;C:\Users\21658\.jdks\corretto-23.0.2\bin\server;C:\Program Files\JetBrains\IntelliJ IDEA 2023.3.4\bin;C:\Users\21658\AppData\Local\Temp

VM Arguments:
jvm_args: -Dmaven.multiModuleProjectDirectory=D:\3emeA42\JavaSem1\outi-d-desktop -Djansi.passthrough=true -Dmaven.home=C:\Program Files\JetBrains\IntelliJ IDEA 2023.3.4\plugins\maven\lib\maven3 -Dclassworlds.conf=C:\Program Files\JetBrains\IntelliJ IDEA 2023.3.4\plugins\maven\lib\maven3\bin\m2.conf -Dmaven.ext.class.path=C:\Program Files\JetBrains\IntelliJ IDEA 2023.3.4\plugins\maven\lib\maven-event-listener.jar -javaagent:C:\Program Files\JetBrains\IntelliJ IDEA 2023.3.4\lib\idea_rt.jar=58539:C:\Program Files\JetBrains\IntelliJ IDEA 2023.3.4\bin -Dfile.encoding=UTF-8 -Dsun.stdout.encoding=UTF-8 -Dsun.stderr.encoding=UTF-8 
java_command: org.codehaus.classworlds.Launcher -Didea.version=2023.3.8 org.apache.maven.plugins:maven-compiler-plugin:3.8.1:compile
java_class_path (initial): C:\Program Files\JetBrains\IntelliJ IDEA 2023.3.4\plugins\maven\lib\maven3\boot\plexus-classworlds-2.7.0.jar;C:\Program Files\JetBrains\IntelliJ IDEA 2023.3.4\plugins\maven\lib\maven3\boot\plexus-classworlds.license
Launcher Type: SUN_STANDARD

[Global flags]
     intx CICompilerCount                          = 3                                         {product} {ergonomic}
     uint ConcGCThreads                            = 1                                         {product} {ergonomic}
     uint G1ConcRefinementThreads                  = 4                                         {product} {ergonomic}
   size_t G1HeapRegionSize                         = 4194304                                   {product} {ergonomic}
   size_t InitialHeapSize                          = 335544320                                 {product} {ergonomic}
   size_t MarkStackSize                            = 4194304                                   {product} {ergonomic}
   size_t MarkStackSizeMax                         = 536870912                                 {product} {ergonomic}
   size_t MaxHeapSize                              = 5326766080                                {product} {ergonomic}
   size_t MaxNewSize                               = 3196059648                                {product} {ergonomic}
   size_t MinHeapDeltaBytes                        = 4194304                                   {product} {ergonomic}
   size_t MinHeapSize                              = 8388608                                   {product} {ergonomic}
    uintx NonNMethodCodeHeapSize                   = 5832704                                {pd product} {ergonomic}
    uintx NonProfiledCodeHeapSize                  = 122945536                              {pd product} {ergonomic}
    uintx ProfiledCodeHeapSize                     = 122880000                              {pd product} {ergonomic}
    uintx ReservedCodeCacheSize                    = 251658240                              {pd product} {ergonomic}
     bool SegmentedCodeCache                       = true                                      {product} {ergonomic}
   size_t SoftMaxHeapSize                          = 5326766080                             {manageable} {ergonomic}
     bool UseCompressedOops                        = true                           {product lp64_product} {ergonomic}
     bool UseG1GC                                  = true                                      {product} {ergonomic}
     bool UseLargePagesIndividualAllocation        = false                                  {pd product} {ergonomic}

Logging:
Log output configuration:
 #0: stdout all=warning uptime,level,tags foldmultilines=false
 #1: stderr all=off uptime,level,tags foldmultilines=false

Environment Variables:
JAVA_HOME=C:\Program Files\Java\jdk-17.0.12
PATH=D:\3emeA42\app\oracle\product\11.2.0\server\bin;C:\Python312\Scripts\;C:\Python312\;C:\Program Files (x86)\VMware\VMware Workstation\bin\;C:\WINDOWS\system32;C:\WINDOWS;C:\WINDOWS\System32\Wbem;C:\WINDOWS\System32\WindowsPowerShell\v1.0\;C:\WINDOWS\System32\OpenSSH\;C:\ProgramData\chocolatey\bin;C:\Program Files\appache\apache-maven-3.8.4\bin;C:\terraform_1.8.4_windows_386\;C:\Program Files\symfony-cli;D:\3emeA42\CodeBlocks\MinGW\bin;D:\3emeA42\GnuWin32\bin;C:\ProgramData\ComposerSetup\bin;C:\WINDOWS\system32;C:\WINDOWS;C:\WINDOWS\System32\Wbem;C:\WINDOWS\System32\WindowsPowerShell\v1.0\;C:\WINDOWS\System32\OpenSSH\;C:\Program Files\Git\cmd;C:\xamp\php;C:\Program Files\Java\jdk-17.0.12;C:\Users\21658\Downloads\jdk-17.0.12\bin;D:\3emeA42\app\oracle\product\11.2.0\server\bin;C:\Python312\Scripts\;C:\Python312\;C:\Program Files (x86)\VMware\VMware Workstation\bin\;C:\WINDOWS\system32;C:\WINDOWS;C:\WINDOWS\System32\Wbem;C:\WINDOWS\System32\WindowsPowerShell\v1.0\;C:\WINDOWS\System32\OpenSSH\;C:\ProgramData\chocolatey\bin;C:\Program Files\appache\apache-maven-3.8.4\bin;C:\terraform_1.8.4_windows_386\;C:\Program Files\symfony-cli;D:\3emeA42\CodeBlocks\MinGW\bin;D:\3emeA42\GnuWin32\bin;C:\ProgramData\ComposerSetup\bin;C:\WINDOWS\system32;C:\WINDOWS;C:\WINDOWS\System32\Wbem;C:\WINDOWS\System32\WindowsPowerShell\v1.0\;C:\WINDOWS\System32\OpenSSH\;C:\Program Files\Git\cmd;C:\xamp\php;C:\Program Files\Java\jdk-17.0.12\bin;C:\Users\21658\Downloads\openjfx-17.0.14_windows-x64_bin-sdk.zip\javafx-sdk-17.0.14\lib;C:\WINDOWS\system32\config\systemprofile\AppData\Local\Microsoft\WindowsApps;C:\Program Files\JetBrains\IntelliJ IDEA 2023.3.4\bin;C:\Users\21658\AppData\Local\Programs\Microsoft VS Code\bin;
USERNAME=21658
OS=Windows_NT
PROCESSOR_IDENTIFIER=Intel64 Family 6 Model 142 Stepping 12, GenuineIntel
TMP=C:\Users\21658\AppData\Local\Temp
TEMP=C:\Users\21658\AppData\Local\Temp




Periodic native trim disabled

---------------  S Y S T E M  ---------------

OS:
 Windows 11 , 64 bit Build 26100 (10.0.26100.3775)
OS uptime: 0 days 22:03 hours
Hyper-V role detected

CPU: total 4 (initial active 4) (2 cores per cpu, 2 threads per core) family 6 model 142 stepping 12 microcode 0xde, cx8, cmov, fxsr, ht, mmx, 3dnowpref, sse, sse2, sse3, ssse3, sse4.1, sse4.2, popcnt, lzcnt, tsc, tscinvbit, avx, avx2, aes, erms, clmul, bmi1, bmi2, adx, fma, vzeroupper, clflush, clflushopt, hv, rdtscp, f16c
Processor Information for the first 4 processors :
  Max Mhz: 2501, Current Mhz: 2501, Mhz Limit: 2501

Memory: 4k page, system-wide physical 20317M (4339M free)
TotalPageFile size 50703M (AvailPageFile size 0M)
current process WorkingSet (physical memory assigned to process): 63M, peak: 63M
current process commit charge ("private bytes"): 409M, peak: 409M

vm_info: OpenJDK 64-Bit Server VM (23.0.2+7-FR) for windows-amd64 JRE (23.0.2+7-FR), built on 2025-01-07T22:59:58Z with MS VC++ 16.10 / 16.11 (VS2019)

END.
