#
# There is insufficient memory for the Java Runtime Environment to continue.
# Native memory allocation (malloc) failed to allocate 32744 bytes. Error detail: Chunk::new
# Possible reasons:
#   The system is out of physical RAM or swap space
#   This process is running with CompressedOops enabled, and the Java Heap may be blocking the growth of the native heap
# Possible solutions:
#   Reduce memory load on the system
#   Increase physical memory or swap space
#   Check if swap backing store is full
#   Decrease Java heap size (-Xmx/-Xms)
#   Decrease number of Java threads
#   Decrease Java thread stack sizes (-Xss)
#   Set larger code cache with -XX:ReservedCodeCacheSize=
#   JVM is running with Zero Based Compressed Oops mode in which the Java heap is
#     placed in the first 32GB address space. The Java Heap base address is the
#     maximum limit for the native heap growth. Please use -XX:HeapBaseMinAddress
#     to set the Java Heap base and to place the Java Heap above 32GB virtual address.
# This output file may be truncated or incomplete.
#
#  Out of Memory Error (arena.cpp:149), pid=21744, tid=22488
#
# JRE version: OpenJDK Runtime Environment Corretto-23.0.2.7.1 (23.0.2+7) (build 23.0.2+7-FR)
# Java VM: OpenJDK 64-Bit Server VM Corretto-23.0.2.7.1 (23.0.2+7-FR, mixed mode, sharing, tiered, compressed oops, compressed class ptrs, g1 gc, windows-amd64)
# No core dump will be written. Minidumps are not enabled by default on client versions of Windows
#

---------------  S U M M A R Y ------------

Command Line: -Dmaven.multiModuleProjectDirectory=D:\3emeA42\JavaSem1\outi-d-desktop -Djansi.passthrough=true -Dmaven.home=C:\Program Files\JetBrains\IntelliJ IDEA 2023.3.4\plugins\maven\lib\maven3 -Dclassworlds.conf=C:\Program Files\JetBrains\IntelliJ IDEA 2023.3.4\plugins\maven\lib\maven3\bin\m2.conf -Dmaven.ext.class.path=C:\Program Files\JetBrains\IntelliJ IDEA 2023.3.4\plugins\maven\lib\maven-event-listener.jar -javaagent:C:\Program Files\JetBrains\IntelliJ IDEA 2023.3.4\lib\idea_rt.jar=58542:C:\Program Files\JetBrains\IntelliJ IDEA 2023.3.4\bin -Dfile.encoding=UTF-8 -Dsun.stdout.encoding=UTF-8 -Dsun.stderr.encoding=UTF-8 org.codehaus.classworlds.Launcher -Didea.version=2023.3.8 org.apache.maven.plugins:maven-compiler-plugin:3.8.1:compile

Host: Intel(R) Core(TM) i3-10110U CPU @ 2.10GHz, 4 cores, 19G,  Windows 11 , 64 bit Build 26100 (10.0.26100.3775)
Time: Tue May 13 18:18:19 2025 W. Central Africa Standard Time elapsed time: 14.601536 seconds (0d 0h 0m 14s)

---------------  T H R E A D  ---------------

Current thread (0x0000019245b993a0):  JavaThread "C1 CompilerThread0" daemon [_thread_in_native, id=22488, stack(0x0000004173100000,0x0000004173200000) (1024K)]


Current CompileTask:
C1:14601  663       3       sun.nio.cs.UTF_8$Decoder::decodeArrayLoop (688 bytes)

Stack: [0x0000004173100000,0x0000004173200000]
Native frames: (J=compiled Java code, j=interpreted, Vv=VM code, C=native code)
V  [jvm.dll+0x6f3b69]  (no source info available)
V  [jvm.dll+0x8e5d05]  (no source info available)
V  [jvm.dll+0x8e7fbe]  (no source info available)
V  [jvm.dll+0x8e86a3]  (no source info available)
V  [jvm.dll+0x285ee6]  (no source info available)
V  [jvm.dll+0xbd2df]  (no source info available)
V  [jvm.dll+0xbd53b]  (no source info available)
V  [jvm.dll+0x1987ee]  (no source info available)
V  [jvm.dll+0x19d801]  (no source info available)
V  [jvm.dll+0x156442]  (no source info available)
V  [jvm.dll+0x155c2e]  (no source info available)
V  [jvm.dll+0x155eeb]  (no source info available)
V  [jvm.dll+0x1551f1]  (no source info available)
V  [jvm.dll+0x1570a1]  (no source info available)
V  [jvm.dll+0x25e6b1]  (no source info available)
V  [jvm.dll+0x25c97b]  (no source info available)
V  [jvm.dll+0x3fd8f6]  (no source info available)
V  [jvm.dll+0x88b4a8]  (no source info available)
V  [jvm.dll+0x6f23a5]  (no source info available)
C  [ucrtbase.dll+0x37b0]  (no source info available)
C  [KERNEL32.DLL+0x2e8d7]  (no source info available)
C  [ntdll.dll+0xb14fc]  (no source info available)

Lock stack of current Java thread (top to bottom):


---------------  P R O C E S S  ---------------

Threads class SMR info:
_java_thread_list=0x0000019245c75770, length=12, elements={
0x00000192234d7890, 0x0000019245b2aa80, 0x0000019245b2ec10, 0x0000019245b328d0,
0x0000019245b33330, 0x0000019245b33d90, 0x0000019245b347f0, 0x0000019245b35580,
0x0000019245b993a0, 0x0000019245aff780, 0x0000019245d33ff0, 0x0000019245d396b0
}

Java Threads: ( => current thread )
  0x00000192234d7890 JavaThread "main"                              [_thread_in_native, id=23228, stack(0x0000004172100000,0x0000004172200000) (1024K)]
  0x0000019245b2aa80 JavaThread "Reference Handler"          daemon [_thread_blocked, id=6260, stack(0x0000004172a00000,0x0000004172b00000) (1024K)]
  0x0000019245b2ec10 JavaThread "Finalizer"                  daemon [_thread_blocked, id=25448, stack(0x0000004172b00000,0x0000004172c00000) (1024K)]
  0x0000019245b328d0 JavaThread "Signal Dispatcher"          daemon [_thread_blocked, id=23388, stack(0x0000004172c00000,0x0000004172d00000) (1024K)]
  0x0000019245b33330 JavaThread "Attach Listener"            daemon [_thread_blocked, id=23408, stack(0x0000004172d00000,0x0000004172e00000) (1024K)]
  0x0000019245b33d90 JavaThread "Service Thread"             daemon [_thread_blocked, id=9464, stack(0x0000004172e00000,0x0000004172f00000) (1024K)]
  0x0000019245b347f0 JavaThread "Monitor Deflation Thread"   daemon [_thread_blocked, id=17828, stack(0x0000004172f00000,0x0000004173000000) (1024K)]
  0x0000019245b35580 JavaThread "C2 CompilerThread0"         daemon [_thread_blocked, id=2140, stack(0x0000004173000000,0x0000004173100000) (1024K)]
=>0x0000019245b993a0 JavaThread "C1 CompilerThread0"         daemon [_thread_in_native, id=22488, stack(0x0000004173100000,0x0000004173200000) (1024K)]
  0x0000019245aff780 JavaThread "Common-Cleaner"             daemon [_thread_blocked, id=26560, stack(0x0000004173200000,0x0000004173300000) (1024K)]
  0x0000019245d33ff0 JavaThread "Monitor Ctrl-Break"         daemon [_thread_in_native, id=27940, stack(0x0000004173300000,0x0000004173400000) (1024K)]
  0x0000019245d396b0 JavaThread "Notification Thread"        daemon [_thread_blocked, id=27944, stack(0x0000004173400000,0x0000004173500000) (1024K)]
Total: 12

Other Threads:
  0x0000019245b11120 VMThread "VM Thread"                           [id=20532, stack(0x0000004172900000,0x0000004172a00000) (1024K)]
  0x0000019245afe1c0 WatcherThread "VM Periodic Task Thread"        [id=19372, stack(0x0000004172800000,0x0000004172900000) (1024K)]
  0x00000192259019f0 WorkerThread "GC Thread#0"                     [id=25012, stack(0x0000004172300000,0x0000004172400000) (1024K)]
  0x0000019225910fd0 ConcurrentGCThread "G1 Main Marker"            [id=16500, stack(0x0000004172400000,0x0000004172500000) (1024K)]
  0x0000019225912910 WorkerThread "G1 Conc#0"                       [id=1252, stack(0x0000004172500000,0x0000004172600000) (1024K)]
  0x00000192459d24d0 ConcurrentGCThread "G1 Refine#0"               [id=24356, stack(0x0000004172600000,0x0000004172700000) (1024K)]
  0x000001922594aa30 ConcurrentGCThread "G1 Service"                [id=24280, stack(0x0000004172700000,0x0000004172800000) (1024K)]
Total: 7

Threads with active compile tasks:
C1 CompilerThread0  15021  663       3       sun.nio.cs.UTF_8$Decoder::decodeArrayLoop (688 bytes)
Total: 1

VM state: not at safepoint (normal execution)

VM Mutex/Monitor currently owned by a thread: None

Heap address: 0x00000006c2800000, size: 5080 MB, Compressed Oops mode: Zero based, Oop shift amount: 3

CDS archive(s) mapped at: [0x0000019246000000-0x0000019246d70000-0x0000019246d70000), size 14090240, SharedBaseAddress: 0x0000019246000000, ArchiveRelocationMode: 1.
Compressed class space mapped at: 0x0000019247000000-0x0000019287000000, reserved size: 1073741824
Narrow klass base: 0x0000019246000000, Narrow klass shift: 0, Narrow klass range: 0x41000000

GC Precious Log:
 CardTable entry size: 512
 Card Set container configuration: InlinePtr #cards 4 size 8 Array Of Cards #cards 32 size 80 Howl #buckets 8 coarsen threshold 7372 Howl Bitmap #cards 1024 size 144 coarsen threshold 921 Card regions per heap region 1 cards per card region 8192
 CPUs: 4 total, 4 available
 Memory: 20317M
 Large Page Support: Disabled
 NUMA Support: Disabled
 Compressed Oops: Enabled (Zero based)
 Heap Region Size: 4M
 Heap Min Capacity: 8M
 Heap Initial Capacity: 320M
 Heap Max Capacity: 5080M
 Pre-touch: Disabled
 Parallel Workers: 4
 Concurrent Workers: 1
 Concurrent Refinement Workers: 4
 Periodic GC: Disabled

Heap:
 garbage-first heap   total reserved 5201920K, committed 327680K, used 4096K [0x00000006c2800000, 0x0000000800000000)
  region size 4096K, 2 young (8192K), 0 survivors (0K)
 Metaspace       used 2553K, committed 2752K, reserved 1114112K
  class space    used 228K, committed 320K, reserved 1048576K

Heap Regions: E=young(eden), S=young(survivor), O=old, HS=humongous(starts), HC=humongous(continues), CS=collection set, F=free, TAMS=top-at-mark-start, PB=parsable bottom
|   0|0x00000006c2800000, 0x00000006c2800000, 0x00000006c2c00000|  0%| F|  |TAMS 0x00000006c2800000| PB 0x00000006c2800000| Untracked |  0
|   1|0x00000006c2c00000, 0x00000006c2c00000, 0x00000006c3000000|  0%| F|  |TAMS 0x00000006c2c00000| PB 0x00000006c2c00000| Untracked |  0
|   2|0x00000006c3000000, 0x00000006c3000000, 0x00000006c3400000|  0%| F|  |TAMS 0x00000006c3000000| PB 0x00000006c3000000| Untracked |  0
|   3|0x00000006c3400000, 0x00000006c3400000, 0x00000006c3800000|  0%| F|  |TAMS 0x00000006c3400000| PB 0x00000006c3400000| Untracked |  0
|   4|0x00000006c3800000, 0x00000006c3800000, 0x00000006c3c00000|  0%| F|  |TAMS 0x00000006c3800000| PB 0x00000006c3800000| Untracked |  0
|   5|0x00000006c3c00000, 0x00000006c3c00000, 0x00000006c4000000|  0%| F|  |TAMS 0x00000006c3c00000| PB 0x00000006c3c00000| Untracked |  0
|   6|0x00000006c4000000, 0x00000006c4000000, 0x00000006c4400000|  0%| F|  |TAMS 0x00000006c4000000| PB 0x00000006c4000000| Untracked |  0
|   7|0x00000006c4400000, 0x00000006c4400000, 0x00000006c4800000|  0%| F|  |TAMS 0x00000006c4400000| PB 0x00000006c4400000| Untracked |  0
|   8|0x00000006c4800000, 0x00000006c4800000, 0x00000006c4c00000|  0%| F|  |TAMS 0x00000006c4800000| PB 0x00000006c4800000| Untracked |  0
|   9|0x00000006c4c00000, 0x00000006c4c00000, 0x00000006c5000000|  0%| F|  |TAMS 0x00000006c4c00000| PB 0x00000006c4c00000| Untracked |  0
|  10|0x00000006c5000000, 0x00000006c5000000, 0x00000006c5400000|  0%| F|  |TAMS 0x00000006c5000000| PB 0x00000006c5000000| Untracked |  0
|  11|0x00000006c5400000, 0x00000006c5400000, 0x00000006c5800000|  0%| F|  |TAMS 0x00000006c5400000| PB 0x00000006c5400000| Untracked |  0
|  12|0x00000006c5800000, 0x00000006c5800000, 0x00000006c5c00000|  0%| F|  |TAMS 0x00000006c5800000| PB 0x00000006c5800000| Untracked |  0
|  13|0x00000006c5c00000, 0x00000006c5c00000, 0x00000006c6000000|  0%| F|  |TAMS 0x00000006c5c00000| PB 0x00000006c5c00000| Untracked |  0
|  14|0x00000006c6000000, 0x00000006c6000000, 0x00000006c6400000|  0%| F|  |TAMS 0x00000006c6000000| PB 0x00000006c6000000| Untracked |  0
|  15|0x00000006c6400000, 0x00000006c6400000, 0x00000006c6800000|  0%| F|  |TAMS 0x00000006c6400000| PB 0x00000006c6400000| Untracked |  0
|  16|0x00000006c6800000, 0x00000006c6800000, 0x00000006c6c00000|  0%| F|  |TAMS 0x00000006c6800000| PB 0x00000006c6800000| Untracked |  0
|  17|0x00000006c6c00000, 0x00000006c6c00000, 0x00000006c7000000|  0%| F|  |TAMS 0x00000006c6c00000| PB 0x00000006c6c00000| Untracked |  0
|  18|0x00000006c7000000, 0x00000006c7000000, 0x00000006c7400000|  0%| F|  |TAMS 0x00000006c7000000| PB 0x00000006c7000000| Untracked |  0
|  19|0x00000006c7400000, 0x00000006c7400000, 0x00000006c7800000|  0%| F|  |TAMS 0x00000006c7400000| PB 0x00000006c7400000| Untracked |  0
|  20|0x00000006c7800000, 0x00000006c7800000, 0x00000006c7c00000|  0%| F|  |TAMS 0x00000006c7800000| PB 0x00000006c7800000| Untracked |  0
|  21|0x00000006c7c00000, 0x00000006c7c00000, 0x00000006c8000000|  0%| F|  |TAMS 0x00000006c7c00000| PB 0x00000006c7c00000| Untracked |  0
|  22|0x00000006c8000000, 0x00000006c8000000, 0x00000006c8400000|  0%| F|  |TAMS 0x00000006c8000000| PB 0x00000006c8000000| Untracked |  0
|  23|0x00000006c8400000, 0x00000006c8400000, 0x00000006c8800000|  0%| F|  |TAMS 0x00000006c8400000| PB 0x00000006c8400000| Untracked |  0
|  24|0x00000006c8800000, 0x00000006c8800000, 0x00000006c8c00000|  0%| F|  |TAMS 0x00000006c8800000| PB 0x00000006c8800000| Untracked |  0
|  25|0x00000006c8c00000, 0x00000006c8c00000, 0x00000006c9000000|  0%| F|  |TAMS 0x00000006c8c00000| PB 0x00000006c8c00000| Untracked |  0
|  26|0x00000006c9000000, 0x00000006c9000000, 0x00000006c9400000|  0%| F|  |TAMS 0x00000006c9000000| PB 0x00000006c9000000| Untracked |  0
|  27|0x00000006c9400000, 0x00000006c9400000, 0x00000006c9800000|  0%| F|  |TAMS 0x00000006c9400000| PB 0x00000006c9400000| Untracked |  0
|  28|0x00000006c9800000, 0x00000006c9800000, 0x00000006c9c00000|  0%| F|  |TAMS 0x00000006c9800000| PB 0x00000006c9800000| Untracked |  0
|  29|0x00000006c9c00000, 0x00000006c9c00000, 0x00000006ca000000|  0%| F|  |TAMS 0x00000006c9c00000| PB 0x00000006c9c00000| Untracked |  0
|  30|0x00000006ca000000, 0x00000006ca000000, 0x00000006ca400000|  0%| F|  |TAMS 0x00000006ca000000| PB 0x00000006ca000000| Untracked |  0
|  31|0x00000006ca400000, 0x00000006ca400000, 0x00000006ca800000|  0%| F|  |TAMS 0x00000006ca400000| PB 0x00000006ca400000| Untracked |  0
|  32|0x00000006ca800000, 0x00000006ca800000, 0x00000006cac00000|  0%| F|  |TAMS 0x00000006ca800000| PB 0x00000006ca800000| Untracked |  0
|  33|0x00000006cac00000, 0x00000006cac00000, 0x00000006cb000000|  0%| F|  |TAMS 0x00000006cac00000| PB 0x00000006cac00000| Untracked |  0
|  34|0x00000006cb000000, 0x00000006cb000000, 0x00000006cb400000|  0%| F|  |TAMS 0x00000006cb000000| PB 0x00000006cb000000| Untracked |  0
|  35|0x00000006cb400000, 0x00000006cb400000, 0x00000006cb800000|  0%| F|  |TAMS 0x00000006cb400000| PB 0x00000006cb400000| Untracked |  0
|  36|0x00000006cb800000, 0x00000006cb800000, 0x00000006cbc00000|  0%| F|  |TAMS 0x00000006cb800000| PB 0x00000006cb800000| Untracked |  0
|  37|0x00000006cbc00000, 0x00000006cbc00000, 0x00000006cc000000|  0%| F|  |TAMS 0x00000006cbc00000| PB 0x00000006cbc00000| Untracked |  0
|  38|0x00000006cc000000, 0x00000006cc000000, 0x00000006cc400000|  0%| F|  |TAMS 0x00000006cc000000| PB 0x00000006cc000000| Untracked |  0
|  39|0x00000006cc400000, 0x00000006cc400000, 0x00000006cc800000|  0%| F|  |TAMS 0x00000006cc400000| PB 0x00000006cc400000| Untracked |  0
|  40|0x00000006cc800000, 0x00000006cc800000, 0x00000006ccc00000|  0%| F|  |TAMS 0x00000006cc800000| PB 0x00000006cc800000| Untracked |  0
|  41|0x00000006ccc00000, 0x00000006ccc00000, 0x00000006cd000000|  0%| F|  |TAMS 0x00000006ccc00000| PB 0x00000006ccc00000| Untracked |  0
|  42|0x00000006cd000000, 0x00000006cd000000, 0x00000006cd400000|  0%| F|  |TAMS 0x00000006cd000000| PB 0x00000006cd000000| Untracked |  0
|  43|0x00000006cd400000, 0x00000006cd400000, 0x00000006cd800000|  0%| F|  |TAMS 0x00000006cd400000| PB 0x00000006cd400000| Untracked |  0
|  44|0x00000006cd800000, 0x00000006cd800000, 0x00000006cdc00000|  0%| F|  |TAMS 0x00000006cd800000| PB 0x00000006cd800000| Untracked |  0
|  45|0x00000006cdc00000, 0x00000006cdc00000, 0x00000006ce000000|  0%| F|  |TAMS 0x00000006cdc00000| PB 0x00000006cdc00000| Untracked |  0
|  46|0x00000006ce000000, 0x00000006ce000000, 0x00000006ce400000|  0%| F|  |TAMS 0x00000006ce000000| PB 0x00000006ce000000| Untracked |  0
|  47|0x00000006ce400000, 0x00000006ce400000, 0x00000006ce800000|  0%| F|  |TAMS 0x00000006ce400000| PB 0x00000006ce400000| Untracked |  0
|  48|0x00000006ce800000, 0x00000006ce800000, 0x00000006cec00000|  0%| F|  |TAMS 0x00000006ce800000| PB 0x00000006ce800000| Untracked |  0
|  49|0x00000006cec00000, 0x00000006cec00000, 0x00000006cf000000|  0%| F|  |TAMS 0x00000006cec00000| PB 0x00000006cec00000| Untracked |  0
|  50|0x00000006cf000000, 0x00000006cf000000, 0x00000006cf400000|  0%| F|  |TAMS 0x00000006cf000000| PB 0x00000006cf000000| Untracked |  0
|  51|0x00000006cf400000, 0x00000006cf400000, 0x00000006cf800000|  0%| F|  |TAMS 0x00000006cf400000| PB 0x00000006cf400000| Untracked |  0
|  52|0x00000006cf800000, 0x00000006cf800000, 0x00000006cfc00000|  0%| F|  |TAMS 0x00000006cf800000| PB 0x00000006cf800000| Untracked |  0
|  53|0x00000006cfc00000, 0x00000006cfc00000, 0x00000006d0000000|  0%| F|  |TAMS 0x00000006cfc00000| PB 0x00000006cfc00000| Untracked |  0
|  54|0x00000006d0000000, 0x00000006d0000000, 0x00000006d0400000|  0%| F|  |TAMS 0x00000006d0000000| PB 0x00000006d0000000| Untracked |  0
|  55|0x00000006d0400000, 0x00000006d0400000, 0x00000006d0800000|  0%| F|  |TAMS 0x00000006d0400000| PB 0x00000006d0400000| Untracked |  0
|  56|0x00000006d0800000, 0x00000006d0800000, 0x00000006d0c00000|  0%| F|  |TAMS 0x00000006d0800000| PB 0x00000006d0800000| Untracked |  0
|  57|0x00000006d0c00000, 0x00000006d0c00000, 0x00000006d1000000|  0%| F|  |TAMS 0x00000006d0c00000| PB 0x00000006d0c00000| Untracked |  0
|  58|0x00000006d1000000, 0x00000006d1000000, 0x00000006d1400000|  0%| F|  |TAMS 0x00000006d1000000| PB 0x00000006d1000000| Untracked |  0
|  59|0x00000006d1400000, 0x00000006d1400000, 0x00000006d1800000|  0%| F|  |TAMS 0x00000006d1400000| PB 0x00000006d1400000| Untracked |  0
|  60|0x00000006d1800000, 0x00000006d1800000, 0x00000006d1c00000|  0%| F|  |TAMS 0x00000006d1800000| PB 0x00000006d1800000| Untracked |  0
|  61|0x00000006d1c00000, 0x00000006d1c00000, 0x00000006d2000000|  0%| F|  |TAMS 0x00000006d1c00000| PB 0x00000006d1c00000| Untracked |  0
|  62|0x00000006d2000000, 0x00000006d2000000, 0x00000006d2400000|  0%| F|  |TAMS 0x00000006d2000000| PB 0x00000006d2000000| Untracked |  0
|  63|0x00000006d2400000, 0x00000006d2400000, 0x00000006d2800000|  0%| F|  |TAMS 0x00000006d2400000| PB 0x00000006d2400000| Untracked |  0
|  64|0x00000006d2800000, 0x00000006d2800000, 0x00000006d2c00000|  0%| F|  |TAMS 0x00000006d2800000| PB 0x00000006d2800000| Untracked |  0
|  65|0x00000006d2c00000, 0x00000006d2c00000, 0x00000006d3000000|  0%| F|  |TAMS 0x00000006d2c00000| PB 0x00000006d2c00000| Untracked |  0
|  66|0x00000006d3000000, 0x00000006d3000000, 0x00000006d3400000|  0%| F|  |TAMS 0x00000006d3000000| PB 0x00000006d3000000| Untracked |  0
|  67|0x00000006d3400000, 0x00000006d3400000, 0x00000006d3800000|  0%| F|  |TAMS 0x00000006d3400000| PB 0x00000006d3400000| Untracked |  0
|  68|0x00000006d3800000, 0x00000006d3800000, 0x00000006d3c00000|  0%| F|  |TAMS 0x00000006d3800000| PB 0x00000006d3800000| Untracked |  0
|  69|0x00000006d3c00000, 0x00000006d3c00000, 0x00000006d4000000|  0%| F|  |TAMS 0x00000006d3c00000| PB 0x00000006d3c00000| Untracked |  0
|  70|0x00000006d4000000, 0x00000006d4000000, 0x00000006d4400000|  0%| F|  |TAMS 0x00000006d4000000| PB 0x00000006d4000000| Untracked |  0
|  71|0x00000006d4400000, 0x00000006d4400000, 0x00000006d4800000|  0%| F|  |TAMS 0x00000006d4400000| PB 0x00000006d4400000| Untracked |  0
|  72|0x00000006d4800000, 0x00000006d4800000, 0x00000006d4c00000|  0%| F|  |TAMS 0x00000006d4800000| PB 0x00000006d4800000| Untracked |  0
|  73|0x00000006d4c00000, 0x00000006d4c00000, 0x00000006d5000000|  0%| F|  |TAMS 0x00000006d4c00000| PB 0x00000006d4c00000| Untracked |  0
|  74|0x00000006d5000000, 0x00000006d5000000, 0x00000006d5400000|  0%| F|  |TAMS 0x00000006d5000000| PB 0x00000006d5000000| Untracked |  0
|  75|0x00000006d5400000, 0x00000006d5400000, 0x00000006d5800000|  0%| F|  |TAMS 0x00000006d5400000| PB 0x00000006d5400000| Untracked |  0
|  76|0x00000006d5800000, 0x00000006d5800000, 0x00000006d5c00000|  0%| F|  |TAMS 0x00000006d5800000| PB 0x00000006d5800000| Untracked |  0
|  77|0x00000006d5c00000, 0x00000006d5c00000, 0x00000006d6000000|  0%| F|  |TAMS 0x00000006d5c00000| PB 0x00000006d5c00000| Untracked |  0
|  78|0x00000006d6000000, 0x00000006d6400000, 0x00000006d6400000|100%| E|  |TAMS 0x00000006d6000000| PB 0x00000006d6000000| Complete |  0
|  79|0x00000006d6400000, 0x00000006d6800000, 0x00000006d6800000|100%| E|CS|TAMS 0x00000006d6400000| PB 0x00000006d6400000| Complete |  0

Card table byte_map: [0x000001923dc10000,0x000001923e600000] _byte_map_base: 0x000001923a5fc000

Marking Bits: (CMBitMap*) 0x0000019225902010
 Bits: [0x000001923e600000, 0x0000019243560000)

Polling page: 0x0000019223820000

Metaspace:

Usage:
  Non-class:      2.27 MB used.
      Class:    228.20 KB used.
       Both:      2.49 MB used.

Virtual space:
  Non-class space:       64.00 MB reserved,       2.38 MB (  4%) committed,  1 nodes.
      Class space:        1.00 GB reserved,     320.00 KB ( <1%) committed,  1 nodes.
             Both:        1.06 GB reserved,       2.69 MB ( <1%) committed. 

Chunk freelists:
   Non-Class:  11.36 MB
       Class:  15.66 MB
        Both:  27.02 MB

MaxMetaspaceSize: unlimited
CompressedClassSpaceSize: 1.00 GB
Initial GC threshold: 21.00 MB
Current GC threshold: 21.00 MB
CDS: on
 - commit_granule_bytes: 65536.
 - commit_granule_words: 8192.
 - virtual_space_node_default_size: 8388608.
 - enlarge_chunks_in_place: 1.
 - use_allocation_guard: 0.


Internal statistics:

num_allocs_failed_limit: 0.
num_arena_births: 40.
num_arena_deaths: 0.
num_vsnodes_births: 2.
num_vsnodes_deaths: 0.
num_space_committed: 43.
num_space_uncommitted: 0.
num_chunks_returned_to_freelist: 0.
num_chunks_taken_from_freelist: 76.
num_chunk_merges: 0.
num_chunk_splits: 54.
num_chunks_enlarged: 37.
num_inconsistent_stats: 0.

CodeHeap 'non-profiled nmethods': size=120064Kb used=194Kb max_used=194Kb free=119869Kb
 bounds [0x0000019235ce0000, 0x0000019235f50000, 0x000001923d220000]
CodeHeap 'profiled nmethods': size=120000Kb used=734Kb max_used=734Kb free=119265Kb
 bounds [0x000001922e220000, 0x000001922e490000, 0x0000019235750000]
CodeHeap 'non-nmethods': size=5696Kb used=1345Kb max_used=1360Kb free=4351Kb
 bounds [0x0000019235750000, 0x00000192359c0000, 0x0000019235ce0000]
CodeCache: size=245760Kb, used=2273Kb, max_used=2288Kb, free=243485Kb
 total_blobs=1118, nmethods=660, adapters=364, full_count=0
Compilation: enabled, stopped_count=0, restarted_count=0

Compilation events (20 events):
Event: 13.429 Thread 0x0000019245b993a0 nmethod 652 0x0000019235d0fc88 code [0x0000019235d0fda0, 0x0000019235d0fe70]
Event: 13.607 Thread 0x0000019245b993a0  653       3       jdk.internal.org.objectweb.asm.SymbolTable::addConstantClass (8 bytes)
Event: 13.607 Thread 0x0000019245b993a0 nmethod 653 0x000001922e2d5b88 code [0x000001922e2d5ca0, 0x000001922e2d5de8]
Event: 13.866 Thread 0x0000019245b993a0  654       3       java.lang.invoke.MethodHandle::<init> (37 bytes)
Event: 13.867 Thread 0x0000019245b993a0 nmethod 654 0x000001922e2d5e88 code [0x000001922e2d6020, 0x000001922e2d65a0]
Event: 14.031 Thread 0x0000019245b993a0  655       1       java.util.zip.Inflater::hasPendingOutput (5 bytes)
Event: 14.031 Thread 0x0000019245b993a0 nmethod 655 0x0000019235d0ff88 code [0x0000019235d100a0, 0x0000019235d10170]
Event: 14.189 Thread 0x0000019245b35580  657       4       java.lang.StringLatin1::inflate (34 bytes)
Event: 14.190 Thread 0x0000019245b993a0  658       3       java.util.ArrayDeque::pollFirst (36 bytes)
Event: 14.190 Thread 0x0000019245b993a0 nmethod 658 0x000001922e2d6608 code [0x000001922e2d6740, 0x000001922e2d6b20]
Event: 14.193 Thread 0x0000019245b35580 nmethod 657 0x0000019235d10608 code [0x0000019235d10700, 0x0000019235d10918]
Event: 14.590 Thread 0x0000019245b993a0  659       3       jdk.internal.jimage.ImageStringsReader::hashCode (33 bytes)
Event: 14.590 Thread 0x0000019245b993a0 nmethod 659 0x000001922e2d6b88 code [0x000001922e2d6cc0, 0x000001922e2d6e30]
Event: 14.591 Thread 0x0000019245b993a0  660       3       java.lang.ref.SoftReference::get (29 bytes)
Event: 14.591 Thread 0x0000019245b993a0 nmethod 660 0x000001922e2d6e88 code [0x000001922e2d6fa0, 0x000001922e2d7158]
Event: 14.592 Thread 0x0000019245b993a0  661       3       java.util.Optional::empty (6 bytes)
Event: 14.592 Thread 0x0000019245b993a0 nmethod 661 0x000001922e2d7188 code [0x000001922e2d72a0, 0x000001922e2d7398]
Event: 14.592 Thread 0x0000019245b993a0  662       3       sun.nio.cs.UTF_8$Decoder::decodeLoop (28 bytes)
Event: 14.593 Thread 0x0000019245b993a0 nmethod 662 0x000001922e2d7488 code [0x000001922e2d75e0, 0x000001922e2d79a0]
Event: 14.593 Thread 0x0000019245b993a0  663       3       sun.nio.cs.UTF_8$Decoder::decodeArrayLoop (688 bytes)

GC Heap History (0 events):
No events

Dll operation events (12 events):
Event: 0.035 Loaded shared library C:\Users\21658\.jdks\corretto-23.0.2\bin\java.dll
Event: 1.649 Loaded shared library C:\Users\21658\.jdks\corretto-23.0.2\bin\jsvml.dll
Event: 4.895 Loaded shared library C:\Users\21658\.jdks\corretto-23.0.2\bin\zip.dll
Event: 4.903 Loaded shared library C:\Users\21658\.jdks\corretto-23.0.2\bin\instrument.dll
Event: 4.922 Loaded shared library C:\Users\21658\.jdks\corretto-23.0.2\bin\net.dll
Event: 4.924 Loaded shared library C:\Users\21658\.jdks\corretto-23.0.2\bin\nio.dll
Event: 4.928 Loaded shared library C:\Users\21658\.jdks\corretto-23.0.2\bin\zip.dll
Event: 6.208 Loaded shared library C:\Program Files\JetBrains\IntelliJ IDEA 2023.3.4\bin\breakgen64.dll
Event: 7.671 Loaded shared library C:\Users\21658\.jdks\corretto-23.0.2\bin\extnet.dll
Event: 8.435 Loaded shared library C:\Users\21658\.jdks\corretto-23.0.2\bin\jimage.dll
Event: 10.976 Loaded shared library C:\Users\21658\AppData\Local\Temp\jansi-2.4.0-62bb164331a5f899-jansi.dll
Event: 10.992 Loaded shared library C:\Users\21658\.jdks\corretto-23.0.2\bin\verify.dll

Deoptimization events (20 events):
Event: 10.190 Thread 0x00000192234d7890 DEOPT PACKING pc=0x0000019235ceea30 sp=0x00000041721fd270
Event: 10.190 Thread 0x00000192234d7890 DEOPT UNPACKING pc=0x00000192357a4402 sp=0x00000041721fd208 mode 2
Event: 10.190 Thread 0x00000192234d7890 Uncommon trap: trap_request=0xffffffc6 fr.pc=0x0000019235ceea30 relative=0x0000000000000b70
Event: 10.190 Thread 0x00000192234d7890 Uncommon trap: reason=bimorphic_or_optimized_type_check action=maybe_recompile pc=0x0000019235ceea30 method=java.util.HashMap.putVal(ILjava/lang/Object;Ljava/lang/Object;ZZ)Ljava/lang/Object; @ 56 c2
Event: 10.190 Thread 0x00000192234d7890 DEOPT PACKING pc=0x0000019235ceea30 sp=0x00000041721fd270
Event: 10.190 Thread 0x00000192234d7890 DEOPT UNPACKING pc=0x00000192357a4402 sp=0x00000041721fd208 mode 2
Event: 10.190 Thread 0x00000192234d7890 Uncommon trap: trap_request=0xffffffc6 fr.pc=0x0000019235ceea74 relative=0x0000000000000bb4
Event: 10.190 Thread 0x00000192234d7890 Uncommon trap: reason=bimorphic_or_optimized_type_check action=maybe_recompile pc=0x0000019235ceea74 method=java.util.HashMap.putVal(ILjava/lang/Object;Ljava/lang/Object;ZZ)Ljava/lang/Object; @ 152 c2
Event: 10.190 Thread 0x00000192234d7890 DEOPT PACKING pc=0x0000019235ceea74 sp=0x00000041721fd270
Event: 10.190 Thread 0x00000192234d7890 DEOPT UNPACKING pc=0x00000192357a4402 sp=0x00000041721fd210 mode 2
Event: 10.190 Thread 0x00000192234d7890 Uncommon trap: trap_request=0xffffffc6 fr.pc=0x0000019235ceea30 relative=0x0000000000000b70
Event: 10.190 Thread 0x00000192234d7890 Uncommon trap: reason=bimorphic_or_optimized_type_check action=maybe_recompile pc=0x0000019235ceea30 method=java.util.HashMap.putVal(ILjava/lang/Object;Ljava/lang/Object;ZZ)Ljava/lang/Object; @ 56 c2
Event: 10.190 Thread 0x00000192234d7890 DEOPT PACKING pc=0x0000019235ceea30 sp=0x00000041721fd270
Event: 10.190 Thread 0x00000192234d7890 DEOPT UNPACKING pc=0x00000192357a4402 sp=0x00000041721fd208 mode 2
Event: 11.272 Thread 0x00000192234d7890 DEOPT PACKING pc=0x000001922e261668 sp=0x00000041721fa330
Event: 11.272 Thread 0x00000192234d7890 DEOPT UNPACKING pc=0x00000192357a4b22 sp=0x00000041721f97f0 mode 0
Event: 13.415 Thread 0x00000192234d7890 Uncommon trap: trap_request=0xffffff45 fr.pc=0x0000019235d0c238 relative=0x00000000000009b8
Event: 13.415 Thread 0x00000192234d7890 Uncommon trap: reason=unstable_if action=reinterpret pc=0x0000019235d0c238 method=java.util.HashMap.putVal(ILjava/lang/Object;Ljava/lang/Object;ZZ)Ljava/lang/Object; @ 181 c2
Event: 13.415 Thread 0x00000192234d7890 DEOPT PACKING pc=0x0000019235d0c238 sp=0x00000041721fcd10
Event: 13.415 Thread 0x00000192234d7890 DEOPT UNPACKING pc=0x00000192357a4402 sp=0x00000041721fccc0 mode 2

Classes loaded (20 events):
Event: 13.188 Loading class java/lang/Character$UnicodeBlock
Event: 13.189 Loading class java/lang/Character$Subset
Event: 13.189 Loading class java/lang/Character$Subset done
Event: 13.192 Loading class java/lang/Character$UnicodeBlock done
Event: 14.188 Loading class java/util/LinkedList$ListItr
Event: 14.188 Loading class java/util/LinkedList$ListItr done
Event: 14.584 Loading class java/lang/NoSuchFieldError
Event: 14.584 Loading class java/lang/NoSuchFieldError done
Event: 14.586 Loading class java/util/concurrent/LinkedBlockingQueue
Event: 14.586 Loading class java/util/concurrent/BlockingQueue
Event: 14.586 Loading class java/util/concurrent/BlockingQueue done
Event: 14.586 Loading class java/util/AbstractQueue
Event: 14.587 Loading class java/util/AbstractQueue done
Event: 14.587 Loading class java/util/concurrent/LinkedBlockingQueue done
Event: 14.587 Loading class java/util/concurrent/LinkedBlockingQueue$Node
Event: 14.587 Loading class java/util/concurrent/LinkedBlockingQueue$Node done
Event: 14.592 Loading class java/net/URLClassLoader$3
Event: 14.592 Loading class java/net/URLClassLoader$3 done
Event: 14.592 Loading class java/net/URLClassLoader$3$1
Event: 14.592 Loading class java/net/URLClassLoader$3$1 done

Classes unloaded (0 events):
No events

Classes redefined (0 events):
No events

Internal exceptions (8 events):
Event: 5.438 Thread 0x00000192234d7890 Exception <a 'java/lang/NoSuchMethodError'{0x00000006d6652568}: 'java.lang.Object java.lang.invoke.Invokers$Holder.invokeExact_MT(java.lang.Object, java.lang.Object, java.lang.Object, java.lang.Object, java.lang.Object)'> (0x00000006d6652568) 
thrown [s\src\hotspot\share\interpreter\linkResolver.cpp, line 796]
Event: 8.448 Thread 0x0000019245d33ff0 Exception <a 'java/lang/NoSuchMethodError'{0x00000006d6697ec0}: 'void java.lang.invoke.DirectMethodHandle$Holder.invokeStatic(java.lang.Object, java.lang.Object)'> (0x00000006d6697ec0) 
thrown [s\src\hotspot\share\interpreter\linkResolver.cpp, line 796]
Event: 8.847 Thread 0x00000192234d7890 Exception <a 'java/lang/NoSuchMethodError'{0x00000006d6772a08}: 'int java.lang.invoke.DirectMethodHandle$Holder.invokeSpecial(java.lang.Object, java.lang.Object, java.lang.Object)'> (0x00000006d6772a08) 
thrown [s\src\hotspot\share\interpreter\linkResolver.cpp, line 796]
Event: 10.192 Thread 0x00000192234d7890 Exception <a 'java/lang/NullPointerException'{0x00000006d6268b90}> (0x00000006d6268b90) 
thrown [s\src\hotspot\share\interpreter\linkResolver.cpp, line 1389]
Event: 10.990 Thread 0x00000192234d7890 Exception <a 'sun/nio/fs/WindowsException'{0x00000006d62f7da0}> (0x00000006d62f7da0) 
thrown [s\src\hotspot\share\prims\jni.cpp, line 520]
Event: 10.991 Thread 0x00000192234d7890 Exception <a 'sun/nio/fs/WindowsException'{0x00000006d62f8430}> (0x00000006d62f8430) 
thrown [s\src\hotspot\share\prims\jni.cpp, line 520]
Event: 10.991 Thread 0x00000192234d7890 Exception <a 'sun/nio/fs/WindowsException'{0x00000006d62f8940}> (0x00000006d62f8940) 
thrown [s\src\hotspot\share\prims\jni.cpp, line 520]
Event: 10.991 Thread 0x00000192234d7890 Exception <a 'sun/nio/fs/WindowsException'{0x00000006d62f8e00}> (0x00000006d62f8e00) 
thrown [s\src\hotspot\share\prims\jni.cpp, line 520]

VM Operations (8 events):
Event: 4.386 Executing VM operation: HandshakeAllThreads (Deoptimize)
Event: 4.396 Executing VM operation: HandshakeAllThreads (Deoptimize) done
Event: 8.446 Executing VM operation: HandshakeAllThreads (Deoptimize)
Event: 8.816 Executing VM operation: HandshakeAllThreads (Deoptimize) done
Event: 10.190 Executing VM operation: HandshakeAllThreads (Deoptimize)
Event: 10.190 Executing VM operation: HandshakeAllThreads (Deoptimize) done
Event: 10.200 Executing VM operation: HandshakeAllThreads (Deoptimize)
Event: 10.200 Executing VM operation: HandshakeAllThreads (Deoptimize) done

Memory protections (0 events):
No events

Nmethod flushes (0 events):
No events

Events (12 events):
Event: 0.486 Thread 0x00000192234d7890 Thread added: 0x00000192234d7890
Event: 1.639 Thread 0x00000192234d7890 Thread added: 0x0000019245b2aa80
Event: 1.639 Thread 0x00000192234d7890 Thread added: 0x0000019245b2ec10
Event: 1.643 Thread 0x00000192234d7890 Thread added: 0x0000019245b328d0
Event: 1.643 Thread 0x00000192234d7890 Thread added: 0x0000019245b33330
Event: 1.643 Thread 0x00000192234d7890 Thread added: 0x0000019245b33d90
Event: 1.645 Thread 0x00000192234d7890 Thread added: 0x0000019245b347f0
Event: 1.645 Thread 0x00000192234d7890 Thread added: 0x0000019245b35580
Event: 2.063 Thread 0x00000192234d7890 Thread added: 0x0000019245b993a0
Event: 4.378 Thread 0x00000192234d7890 Thread added: 0x0000019245aff780
Event: 6.209 Thread 0x00000192234d7890 Thread added: 0x0000019245d33ff0
Event: 6.209 Thread 0x00000192234d7890 Thread added: 0x0000019245d396b0


Dynamic libraries:
0x00007ff659500000 - 0x00007ff65950e000 	C:\Users\21658\.jdks\corretto-23.0.2\bin\java.exe
0x00007ffaa8860000 - 0x00007ffaa8ac0000 	C:\WINDOWS\SYSTEM32\ntdll.dll
0x00007ffaa71a0000 - 0x00007ffaa7267000 	C:\WINDOWS\System32\KERNEL32.DLL
0x00007ffaa5b20000 - 0x00007ffaa5eea000 	C:\WINDOWS\System32\KERNELBASE.dll
0x00007ffaa6340000 - 0x00007ffaa648b000 	C:\WINDOWS\System32\ucrtbase.dll
0x00007ffaa2750000 - 0x00007ffaa2767000 	C:\Users\21658\.jdks\corretto-23.0.2\bin\jli.dll
0x00007ffaa68a0000 - 0x00007ffaa6a6c000 	C:\WINDOWS\System32\USER32.dll
0x00007ffaa5af0000 - 0x00007ffaa5b17000 	C:\WINDOWS\System32\win32u.dll
0x00007ffaa7170000 - 0x00007ffaa719a000 	C:\WINDOWS\System32\GDI32.dll
0x00007ffaa6520000 - 0x00007ffaa6651000 	C:\WINDOWS\System32\gdi32full.dll
0x00007ffaa5a40000 - 0x00007ffaa5ae3000 	C:\WINDOWS\System32\msvcp_win.dll
0x00007ffaa0980000 - 0x00007ffaa099b000 	C:\Users\21658\.jdks\corretto-23.0.2\bin\VCRUNTIME140.dll
0x00007ffa8d970000 - 0x00007ffa8dc07000 	C:\WINDOWS\WinSxS\amd64_microsoft.windows.common-controls_6595b64144ccf1df_6.0.26100.3624_none_3e086962e3345f24\COMCTL32.dll
0x00007ffaa6660000 - 0x00007ffaa6709000 	C:\WINDOWS\System32\msvcrt.dll
0x00007ffaa8600000 - 0x00007ffaa862f000 	C:\WINDOWS\System32\IMM32.DLL
0x00007ffaa0950000 - 0x00007ffaa095c000 	C:\Users\21658\.jdks\corretto-23.0.2\bin\vcruntime140_1.dll
0x00007ffa9be20000 - 0x00007ffa9bead000 	C:\Users\21658\.jdks\corretto-23.0.2\bin\msvcp140.dll
0x00007ff9cb300000 - 0x00007ff9cc0d8000 	C:\Users\21658\.jdks\corretto-23.0.2\bin\server\jvm.dll
0x00007ffaa7b90000 - 0x00007ffaa7c42000 	C:\WINDOWS\System32\ADVAPI32.dll
0x00007ffaa8550000 - 0x00007ffaa85f6000 	C:\WINDOWS\System32\sechost.dll
0x00007ffaa6710000 - 0x00007ffaa6826000 	C:\WINDOWS\System32\RPCRT4.dll
0x00007ffaa79d0000 - 0x00007ffaa7a44000 	C:\WINDOWS\System32\WS2_32.dll
0x00007ffaa58b0000 - 0x00007ffaa590e000 	C:\WINDOWS\SYSTEM32\POWRPROF.dll
0x00007ffa93460000 - 0x00007ffa93496000 	C:\WINDOWS\SYSTEM32\WINMM.dll
0x00007ffa9b340000 - 0x00007ffa9b34b000 	C:\WINDOWS\SYSTEM32\VERSION.dll
0x00007ffaa5890000 - 0x00007ffaa58a4000 	C:\WINDOWS\SYSTEM32\UMPDC.dll
0x00007ffaa4820000 - 0x00007ffaa483a000 	C:\WINDOWS\SYSTEM32\kernel.appcore.dll
0x00007ffaa08e0000 - 0x00007ffaa08ea000 	C:\Users\21658\.jdks\corretto-23.0.2\bin\jimage.dll
0x00007ffa8f3c0000 - 0x00007ffa8f601000 	C:\WINDOWS\SYSTEM32\DBGHELP.DLL
0x00007ffaa81c0000 - 0x00007ffaa8542000 	C:\WINDOWS\System32\combase.dll
0x00007ffaa7c50000 - 0x00007ffaa7d26000 	C:\WINDOWS\System32\OLEAUT32.dll
0x00007ffa8aa30000 - 0x00007ffa8aa69000 	C:\WINDOWS\SYSTEM32\dbgcore.DLL
0x00007ffaa62a0000 - 0x00007ffaa6339000 	C:\WINDOWS\System32\bcryptPrimitives.dll
0x00007ffa9e6c0000 - 0x00007ffa9e6ce000 	C:\Users\21658\.jdks\corretto-23.0.2\bin\instrument.dll
0x00007ffa9e750000 - 0x00007ffa9e76e000 	C:\Users\21658\.jdks\corretto-23.0.2\bin\java.dll
0x00007ffaa6fd0000 - 0x00007ffaa7166000 	C:\WINDOWS\System32\ole32.dll
0x00007ffaa7270000 - 0x00007ffaa7999000 	C:\WINDOWS\System32\SHELL32.dll
0x00007ffaa5fb0000 - 0x00007ffaa6118000 	C:\WINDOWS\System32\wintypes.dll
0x00007ffaa36c0000 - 0x00007ffaa3f12000 	C:\WINDOWS\SYSTEM32\windows.storage.dll
0x00007ffaa6c30000 - 0x00007ffaa6d1d000 	C:\WINDOWS\System32\SHCORE.dll
0x00007ffaa6830000 - 0x00007ffaa6894000 	C:\WINDOWS\System32\shlwapi.dll
0x00007ffaa5950000 - 0x00007ffaa597f000 	C:\WINDOWS\SYSTEM32\profapi.dll
0x00007ffa274b0000 - 0x00007ffa27587000 	C:\Users\21658\.jdks\corretto-23.0.2\bin\jsvml.dll
0x00007ffa9be00000 - 0x00007ffa9be17000 	C:\Users\21658\.jdks\corretto-23.0.2\bin\zip.dll
0x00007ffa9e740000 - 0x00007ffa9e750000 	C:\Users\21658\.jdks\corretto-23.0.2\bin\net.dll
0x00007ffaa4d70000 - 0x00007ffaa4dda000 	C:\WINDOWS\system32\mswsock.dll
0x00007ffa9e6f0000 - 0x00007ffa9e706000 	C:\Users\21658\.jdks\corretto-23.0.2\bin\nio.dll
0x00007ffa6c600000 - 0x00007ffa6c61a000 	C:\Program Files\JetBrains\IntelliJ IDEA 2023.3.4\bin\breakgen64.dll
0x00007ffa9b800000 - 0x00007ffa9b809000 	C:\Users\21658\.jdks\corretto-23.0.2\bin\extnet.dll
0x0000000069ac0000 - 0x0000000069ae4000 	C:\Users\21658\AppData\Local\Temp\jansi-2.4.0-62bb164331a5f899-jansi.dll
0x00007ffa86cd0000 - 0x00007ffa86ce0000 	C:\Users\21658\.jdks\corretto-23.0.2\bin\verify.dll

dbghelp: loaded successfully - version: 4.0.5 - missing functions: none
symbol engine: initialized successfully - sym options: 0x614 - pdb path: .;C:\Users\21658\.jdks\corretto-23.0.2\bin;C:\WINDOWS\SYSTEM32;C:\WINDOWS\WinSxS\amd64_microsoft.windows.common-controls_6595b64144ccf1df_6.0.26100.3624_none_3e086962e3345f24;C:\Users\21658\.jdks\corretto-23.0.2\bin\server;C:\Program Files\JetBrains\IntelliJ IDEA 2023.3.4\bin;C:\Users\21658\AppData\Local\Temp

VM Arguments:
jvm_args: -Dmaven.multiModuleProjectDirectory=D:\3emeA42\JavaSem1\outi-d-desktop -Djansi.passthrough=true -Dmaven.home=C:\Program Files\JetBrains\IntelliJ IDEA 2023.3.4\plugins\maven\lib\maven3 -Dclassworlds.conf=C:\Program Files\JetBrains\IntelliJ IDEA 2023.3.4\plugins\maven\lib\maven3\bin\m2.conf -Dmaven.ext.class.path=C:\Program Files\JetBrains\IntelliJ IDEA 2023.3.4\plugins\maven\lib\maven-event-listener.jar -javaagent:C:\Program Files\JetBrains\IntelliJ IDEA 2023.3.4\lib\idea_rt.jar=58542:C:\Program Files\JetBrains\IntelliJ IDEA 2023.3.4\bin -Dfile.encoding=UTF-8 -Dsun.stdout.encoding=UTF-8 -Dsun.stderr.encoding=UTF-8 
java_command: org.codehaus.classworlds.Launcher -Didea.version=2023.3.8 org.apache.maven.plugins:maven-compiler-plugin:3.8.1:compile
java_class_path (initial): C:\Program Files\JetBrains\IntelliJ IDEA 2023.3.4\plugins\maven\lib\maven3\boot\plexus-classworlds-2.7.0.jar;C:\Program Files\JetBrains\IntelliJ IDEA 2023.3.4\plugins\maven\lib\maven3\boot\plexus-classworlds.license
Launcher Type: SUN_STANDARD

[Global flags]
     intx CICompilerCount                          = 3                                         {product} {ergonomic}
     uint ConcGCThreads                            = 1                                         {product} {ergonomic}
     uint G1ConcRefinementThreads                  = 4                                         {product} {ergonomic}
   size_t G1HeapRegionSize                         = 4194304                                   {product} {ergonomic}
   size_t InitialHeapSize                          = 335544320                                 {product} {ergonomic}
   size_t MarkStackSize                            = 4194304                                   {product} {ergonomic}
   size_t MarkStackSizeMax                         = 536870912                                 {product} {ergonomic}
   size_t MaxHeapSize                              = 5326766080                                {product} {ergonomic}
   size_t MaxNewSize                               = 3196059648                                {product} {ergonomic}
   size_t MinHeapDeltaBytes                        = 4194304                                   {product} {ergonomic}
   size_t MinHeapSize                              = 8388608                                   {product} {ergonomic}
    uintx NonNMethodCodeHeapSize                   = 5832704                                {pd product} {ergonomic}
    uintx NonProfiledCodeHeapSize                  = 122945536                              {pd product} {ergonomic}
    uintx ProfiledCodeHeapSize                     = 122880000                              {pd product} {ergonomic}
    uintx ReservedCodeCacheSize                    = 251658240                              {pd product} {ergonomic}
     bool SegmentedCodeCache                       = true                                      {product} {ergonomic}
   size_t SoftMaxHeapSize                          = 5326766080                             {manageable} {ergonomic}
     bool UseCompressedOops                        = true                           {product lp64_product} {ergonomic}
     bool UseG1GC                                  = true                                      {product} {ergonomic}
     bool UseLargePagesIndividualAllocation        = false                                  {pd product} {ergonomic}

Logging:
Log output configuration:
 #0: stdout all=warning uptime,level,tags foldmultilines=false
 #1: stderr all=off uptime,level,tags foldmultilines=false

Environment Variables:
JAVA_HOME=C:\Program Files\Java\jdk-17.0.12
PATH=D:\3emeA42\app\oracle\product\11.2.0\server\bin;C:\Python312\Scripts\;C:\Python312\;C:\Program Files (x86)\VMware\VMware Workstation\bin\;C:\WINDOWS\system32;C:\WINDOWS;C:\WINDOWS\System32\Wbem;C:\WINDOWS\System32\WindowsPowerShell\v1.0\;C:\WINDOWS\System32\OpenSSH\;C:\ProgramData\chocolatey\bin;C:\Program Files\appache\apache-maven-3.8.4\bin;C:\terraform_1.8.4_windows_386\;C:\Program Files\symfony-cli;D:\3emeA42\CodeBlocks\MinGW\bin;D:\3emeA42\GnuWin32\bin;C:\ProgramData\ComposerSetup\bin;C:\WINDOWS\system32;C:\WINDOWS;C:\WINDOWS\System32\Wbem;C:\WINDOWS\System32\WindowsPowerShell\v1.0\;C:\WINDOWS\System32\OpenSSH\;C:\Program Files\Git\cmd;C:\xamp\php;C:\Program Files\Java\jdk-17.0.12;C:\Users\21658\Downloads\jdk-17.0.12\bin;D:\3emeA42\app\oracle\product\11.2.0\server\bin;C:\Python312\Scripts\;C:\Python312\;C:\Program Files (x86)\VMware\VMware Workstation\bin\;C:\WINDOWS\system32;C:\WINDOWS;C:\WINDOWS\System32\Wbem;C:\WINDOWS\System32\WindowsPowerShell\v1.0\;C:\WINDOWS\System32\OpenSSH\;C:\ProgramData\chocolatey\bin;C:\Program Files\appache\apache-maven-3.8.4\bin;C:\terraform_1.8.4_windows_386\;C:\Program Files\symfony-cli;D:\3emeA42\CodeBlocks\MinGW\bin;D:\3emeA42\GnuWin32\bin;C:\ProgramData\ComposerSetup\bin;C:\WINDOWS\system32;C:\WINDOWS;C:\WINDOWS\System32\Wbem;C:\WINDOWS\System32\WindowsPowerShell\v1.0\;C:\WINDOWS\System32\OpenSSH\;C:\Program Files\Git\cmd;C:\xamp\php;C:\Program Files\Java\jdk-17.0.12\bin;C:\Users\21658\Downloads\openjfx-17.0.14_windows-x64_bin-sdk.zip\javafx-sdk-17.0.14\lib;C:\WINDOWS\system32\config\systemprofile\AppData\Local\Microsoft\WindowsApps;C:\Program Files\JetBrains\IntelliJ IDEA 2023.3.4\bin;C:\Users\21658\AppData\Local\Programs\Microsoft VS Code\bin;
USERNAME=21658
OS=Windows_NT
PROCESSOR_IDENTIFIER=Intel64 Family 6 Model 142 Stepping 12, GenuineIntel
TMP=C:\Users\21658\AppData\Local\Temp
TEMP=C:\Users\21658\AppData\Local\Temp




Periodic native trim disabled

---------------  S Y S T E M  ---------------

OS:
 Windows 11 , 64 bit Build 26100 (10.0.26100.3775)
OS uptime: 0 days 22:03 hours
Hyper-V role detected

CPU: total 4 (initial active 4) (2 cores per cpu, 2 threads per core) family 6 model 142 stepping 12 microcode 0xde, cx8, cmov, fxsr, ht, mmx, 3dnowpref, sse, sse2, sse3, ssse3, sse4.1, sse4.2, popcnt, lzcnt, tsc, tscinvbit, avx, avx2, aes, erms, clmul, bmi1, bmi2, adx, fma, vzeroupper, clflush, clflushopt, hv, rdtscp, f16c
Processor Information for the first 4 processors :
  Max Mhz: 2501, Current Mhz: 2501, Mhz Limit: 2501

Memory: 4k page, system-wide physical 20317M (4339M free)
TotalPageFile size 50703M (AvailPageFile size 0M)
current process WorkingSet (physical memory assigned to process): 53M, peak: 53M
current process commit charge ("private bytes"): 403M, peak: 403M

vm_info: OpenJDK 64-Bit Server VM (23.0.2+7-FR) for windows-amd64 JRE (23.0.2+7-FR), built on 2025-01-07T22:59:58Z with MS VC++ 16.10 / 16.11 (VS2019)

END.
