#
# There is insufficient memory for the Java Runtime Environment to continue.
# Native memory allocation (mmap) failed to map 335544320 bytes. Error detail: G1 virtual space
# Possible reasons:
#   The system is out of physical RAM or swap space
#   This process is running with CompressedOops enabled, and the Java Heap may be blocking the growth of the native heap
# Possible solutions:
#   Reduce memory load on the system
#   Increase physical memory or swap space
#   Check if swap backing store is full
#   Decrease Java heap size (-Xmx/-Xms)
#   Decrease number of Java threads
#   Decrease Java thread stack sizes (-Xss)
#   Set larger code cache with -XX:ReservedCodeCacheSize=
#   JVM is running with Zero Based Compressed Oops mode in which the Java heap is
#     placed in the first 32GB address space. The Java Heap base address is the
#     maximum limit for the native heap growth. Please use -XX:HeapBaseMinAddress
#     to set the Java Heap base and to place the Java Heap above 32GB virtual address.
# This output file may be truncated or incomplete.
#
#  Out of Memory Error (os_windows.cpp:3707), pid=6952, tid=25992
#
# JRE version:  (23.0.2+7) (build )
# Java VM: OpenJDK 64-Bit Server VM (23.0.2+7-FR, mixed mode, sharing, tiered, compressed oops, compressed class ptrs, g1 gc, windows-amd64)
# No core dump will be written. Minidumps are not enabled by default on client versions of Windows
#

---------------  S U M M A R Y ------------

Command Line: -Dmaven.multiModuleProjectDirectory=D:\3emeA42\JavaSem1\outi-d-desktop -Djansi.passthrough=true -Dmaven.home=C:\Program Files\JetBrains\IntelliJ IDEA 2023.3.4\plugins\maven\lib\maven3 -Dclassworlds.conf=C:\Program Files\JetBrains\IntelliJ IDEA 2023.3.4\plugins\maven\lib\maven3\bin\m2.conf -Dmaven.ext.class.path=C:\Program Files\JetBrains\IntelliJ IDEA 2023.3.4\plugins\maven\lib\maven-event-listener.jar -javaagent:C:\Program Files\JetBrains\IntelliJ IDEA 2023.3.4\lib\idea_rt.jar=58563:C:\Program Files\JetBrains\IntelliJ IDEA 2023.3.4\bin -Dfile.encoding=UTF-8 -Dsun.stdout.encoding=UTF-8 -Dsun.stderr.encoding=UTF-8 org.codehaus.classworlds.Launcher -Didea.version=2023.3.8 org.apache.maven.plugins:maven-compiler-plugin:3.8.1:compile

Host: Intel(R) Core(TM) i3-10110U CPU @ 2.10GHz, 4 cores, 19G,  Windows 11 , 64 bit Build 26100 (10.0.26100.3775)
Time: Tue May 13 18:18:12 2025 W. Central Africa Standard Time elapsed time: 2.790890 seconds (0d 0h 0m 2s)

---------------  T H R E A D  ---------------

Current thread (0x0000021b1e877890):  JavaThread "Unknown thread" [_thread_in_vm, id=25992, stack(0x00000087d3b00000,0x00000087d3c00000) (1024K)]

Stack: [0x00000087d3b00000,0x00000087d3c00000]
Native frames: (J=compiled Java code, j=interpreted, Vv=VM code, C=native code)
V  [jvm.dll+0x6f3b69]  (no source info available)
V  [jvm.dll+0x8e5d05]  (no source info available)
V  [jvm.dll+0x8e7fbe]  (no source info available)
V  [jvm.dll+0x8e86a3]  (no source info available)
V  [jvm.dll+0x285ee6]  (no source info available)
V  [jvm.dll+0x6f03c5]  (no source info available)
V  [jvm.dll+0x6e3dba]  (no source info available)
V  [jvm.dll+0x36a35b]  (no source info available)
V  [jvm.dll+0x372796]  (no source info available)
V  [jvm.dll+0x35ee56]  (no source info available)
V  [jvm.dll+0x35f118]  (no source info available)
V  [jvm.dll+0x336cfc]  (no source info available)
V  [jvm.dll+0x337afe]  (no source info available)
V  [jvm.dll+0x8aab65]  (no source info available)
V  [jvm.dll+0x3c89d8]  (no source info available)
V  [jvm.dll+0x8938ec]  (no source info available)
V  [jvm.dll+0x46246e]  (no source info available)
V  [jvm.dll+0x4642b1]  (no source info available)
C  [jli.dll+0x52ab]  (no source info available)
C  [ucrtbase.dll+0x37b0]  (no source info available)
C  [KERNEL32.DLL+0x2e8d7]  (no source info available)
C  [ntdll.dll+0xb14fc]  (no source info available)

Lock stack of current Java thread (top to bottom):


---------------  P R O C E S S  ---------------

Threads class SMR info:
_java_thread_list=0x00007ff9cbf74ad8, length=0, elements={
}

Java Threads: ( => current thread )
Total: 0

Other Threads:
  0x0000021b20c319f0 WorkerThread "GC Thread#0"                     [id=26748, stack(0x00000087d3d00000,0x00000087d3e00000) (1024K)]
  0x0000021b20c40fd0 ConcurrentGCThread "G1 Main Marker"            [id=26752, stack(0x00000087d3e00000,0x00000087d3f00000) (1024K)]
  0x0000021b20c42910 WorkerThread "G1 Conc#0"                       [id=26756, stack(0x00000087d3f00000,0x00000087d4000000) (1024K)]

[error occurred during error reporting (printing all threads), id 0xc0000005, EXCEPTION_ACCESS_VIOLATION (0xc0000005) at pc=0x00007ff9cb64b0da]
VM state: not at safepoint (not fully initialized)

VM Mutex/Monitor currently owned by a thread:  ([mutex/lock_event])
[0x00007ff9cbff7dd8] Heap_lock - owner thread: 0x0000021b1e877890

Heap address: 0x00000006c2800000, size: 5080 MB, Compressed Oops mode: Zero based, Oop shift amount: 3

CDS archive(s) mapped at: [0x0000000000000000-0x0000000000000000-0x0000000000000000), size 0, SharedBaseAddress: 0x0000000800000000, ArchiveRelocationMode: 1.
Narrow klass base: 0x0000000000000000, Narrow klass shift: 0, Narrow klass range: 0x0

GC Precious Log:
 CardTable entry size: 512
 Card Set container configuration: InlinePtr #cards 4 size 8 Array Of Cards #cards 32 size 80 Howl #buckets 8 coarsen threshold 7372 Howl Bitmap #cards 1024 size 144 coarsen threshold 921 Card regions per heap region 1 cards per card region 8192

Heap:
 garbage-first heap   total reserved 5201920K, committed 0K, used 0K [0x00000006c2800000, 0x0000000800000000)
  region size 4096K, 0 young (0K), 0 survivors (0K)

[error occurred during error reporting (printing heap information), id 0xc0000005, EXCEPTION_ACCESS_VIOLATION (0xc0000005) at pc=0x00007ff9cba501c9]
GC Heap History (0 events):
No events

Dll operation events (1 events):
Event: 0.014 Loaded shared library C:\Users\21658\.jdks\corretto-23.0.2\bin\java.dll

Deoptimization events (0 events):
No events

Classes loaded (0 events):
No events

Classes unloaded (0 events):
No events

Classes redefined (0 events):
No events

Internal exceptions (0 events):
No events

VM Operations (0 events):
No events

Memory protections (0 events):
No events

Nmethod flushes (0 events):
No events

Events (0 events):
No events


Dynamic libraries:
0x00007ff659500000 - 0x00007ff65950e000 	C:\Users\21658\.jdks\corretto-23.0.2\bin\java.exe
0x00007ffaa8860000 - 0x00007ffaa8ac0000 	C:\WINDOWS\SYSTEM32\ntdll.dll
0x00007ffaa71a0000 - 0x00007ffaa7267000 	C:\WINDOWS\System32\KERNEL32.DLL
0x00007ffaa5b20000 - 0x00007ffaa5eea000 	C:\WINDOWS\System32\KERNELBASE.dll
0x00007ffaa6340000 - 0x00007ffaa648b000 	C:\WINDOWS\System32\ucrtbase.dll
0x00007ffaa2750000 - 0x00007ffaa2767000 	C:\Users\21658\.jdks\corretto-23.0.2\bin\jli.dll
0x00007ffaa68a0000 - 0x00007ffaa6a6c000 	C:\WINDOWS\System32\USER32.dll
0x00007ffaa5af0000 - 0x00007ffaa5b17000 	C:\WINDOWS\System32\win32u.dll
0x00007ffaa7170000 - 0x00007ffaa719a000 	C:\WINDOWS\System32\GDI32.dll
0x00007ffaa6520000 - 0x00007ffaa6651000 	C:\WINDOWS\System32\gdi32full.dll
0x00007ffaa5a40000 - 0x00007ffaa5ae3000 	C:\WINDOWS\System32\msvcp_win.dll
0x00007ffaa0980000 - 0x00007ffaa099b000 	C:\Users\21658\.jdks\corretto-23.0.2\bin\VCRUNTIME140.dll
0x00007ffa8d970000 - 0x00007ffa8dc07000 	C:\WINDOWS\WinSxS\amd64_microsoft.windows.common-controls_6595b64144ccf1df_6.0.26100.3624_none_3e086962e3345f24\COMCTL32.dll
0x00007ffaa6660000 - 0x00007ffaa6709000 	C:\WINDOWS\System32\msvcrt.dll
0x00007ffaa8600000 - 0x00007ffaa862f000 	C:\WINDOWS\System32\IMM32.DLL
0x00007ffaa0950000 - 0x00007ffaa095c000 	C:\Users\21658\.jdks\corretto-23.0.2\bin\vcruntime140_1.dll
0x00007ffa9be20000 - 0x00007ffa9bead000 	C:\Users\21658\.jdks\corretto-23.0.2\bin\msvcp140.dll
0x00007ff9cb300000 - 0x00007ff9cc0d8000 	C:\Users\21658\.jdks\corretto-23.0.2\bin\server\jvm.dll
0x00007ffaa7b90000 - 0x00007ffaa7c42000 	C:\WINDOWS\System32\ADVAPI32.dll
0x00007ffaa8550000 - 0x00007ffaa85f6000 	C:\WINDOWS\System32\sechost.dll
0x00007ffaa6710000 - 0x00007ffaa6826000 	C:\WINDOWS\System32\RPCRT4.dll
0x00007ffaa79d0000 - 0x00007ffaa7a44000 	C:\WINDOWS\System32\WS2_32.dll
0x00007ffaa58b0000 - 0x00007ffaa590e000 	C:\WINDOWS\SYSTEM32\POWRPROF.dll
0x00007ffa93460000 - 0x00007ffa93496000 	C:\WINDOWS\SYSTEM32\WINMM.dll
0x00007ffa9b340000 - 0x00007ffa9b34b000 	C:\WINDOWS\SYSTEM32\VERSION.dll
0x00007ffaa5890000 - 0x00007ffaa58a4000 	C:\WINDOWS\SYSTEM32\UMPDC.dll
0x00007ffaa4820000 - 0x00007ffaa483a000 	C:\WINDOWS\SYSTEM32\kernel.appcore.dll
0x00007ffaa08e0000 - 0x00007ffaa08ea000 	C:\Users\21658\.jdks\corretto-23.0.2\bin\jimage.dll
0x00007ffa8f3c0000 - 0x00007ffa8f601000 	C:\WINDOWS\SYSTEM32\DBGHELP.DLL
0x00007ffaa81c0000 - 0x00007ffaa8542000 	C:\WINDOWS\System32\combase.dll
0x00007ffaa7c50000 - 0x00007ffaa7d26000 	C:\WINDOWS\System32\OLEAUT32.dll
0x00007ffa8aa30000 - 0x00007ffa8aa69000 	C:\WINDOWS\SYSTEM32\dbgcore.DLL
0x00007ffaa62a0000 - 0x00007ffaa6339000 	C:\WINDOWS\System32\bcryptPrimitives.dll
0x00007ffa9e6c0000 - 0x00007ffa9e6ce000 	C:\Users\21658\.jdks\corretto-23.0.2\bin\instrument.dll
0x00007ffa9e750000 - 0x00007ffa9e76e000 	C:\Users\21658\.jdks\corretto-23.0.2\bin\java.dll
0x00007ffaa6fd0000 - 0x00007ffaa7166000 	C:\WINDOWS\System32\ole32.dll
0x00007ffaa7270000 - 0x00007ffaa7999000 	C:\WINDOWS\System32\SHELL32.dll
0x00007ffaa5fb0000 - 0x00007ffaa6118000 	C:\WINDOWS\System32\wintypes.dll

dbghelp: loaded successfully - version: 4.0.5 - missing functions: none
symbol engine: initialized successfully - sym options: 0x614 - pdb path: .;C:\Users\21658\.jdks\corretto-23.0.2\bin;C:\WINDOWS\SYSTEM32;C:\WINDOWS\WinSxS\amd64_microsoft.windows.common-controls_6595b64144ccf1df_6.0.26100.3624_none_3e086962e3345f24;C:\Users\21658\.jdks\corretto-23.0.2\bin\server

VM Arguments:
jvm_args: -Dmaven.multiModuleProjectDirectory=D:\3emeA42\JavaSem1\outi-d-desktop -Djansi.passthrough=true -Dmaven.home=C:\Program Files\JetBrains\IntelliJ IDEA 2023.3.4\plugins\maven\lib\maven3 -Dclassworlds.conf=C:\Program Files\JetBrains\IntelliJ IDEA 2023.3.4\plugins\maven\lib\maven3\bin\m2.conf -Dmaven.ext.class.path=C:\Program Files\JetBrains\IntelliJ IDEA 2023.3.4\plugins\maven\lib\maven-event-listener.jar -javaagent:C:\Program Files\JetBrains\IntelliJ IDEA 2023.3.4\lib\idea_rt.jar=58563:C:\Program Files\JetBrains\IntelliJ IDEA 2023.3.4\bin -Dfile.encoding=UTF-8 -Dsun.stdout.encoding=UTF-8 -Dsun.stderr.encoding=UTF-8 
java_command: org.codehaus.classworlds.Launcher -Didea.version=2023.3.8 org.apache.maven.plugins:maven-compiler-plugin:3.8.1:compile
java_class_path (initial): C:\Program Files\JetBrains\IntelliJ IDEA 2023.3.4\plugins\maven\lib\maven3\boot\plexus-classworlds-2.7.0.jar;C:\Program Files\JetBrains\IntelliJ IDEA 2023.3.4\plugins\maven\lib\maven3\boot\plexus-classworlds.license
Launcher Type: SUN_STANDARD

[Global flags]
     intx CICompilerCount                          = 3                                         {product} {ergonomic}
     uint ConcGCThreads                            = 1                                         {product} {ergonomic}
     uint G1ConcRefinementThreads                  = 4                                         {product} {ergonomic}
   size_t G1HeapRegionSize                         = 4194304                                   {product} {ergonomic}
   size_t InitialHeapSize                          = 335544320                                 {product} {ergonomic}
   size_t MarkStackSize                            = 4194304                                   {product} {ergonomic}
   size_t MarkStackSizeMax                         = 536870912                                 {product} {ergonomic}
   size_t MaxHeapSize                              = 5326766080                                {product} {ergonomic}
   size_t MinHeapDeltaBytes                        = 4194304                                   {product} {ergonomic}
   size_t MinHeapSize                              = 8388608                                   {product} {ergonomic}
    uintx NonNMethodCodeHeapSize                   = 5832704                                {pd product} {ergonomic}
    uintx NonProfiledCodeHeapSize                  = 122945536                              {pd product} {ergonomic}
    uintx ProfiledCodeHeapSize                     = 122880000                              {pd product} {ergonomic}
    uintx ReservedCodeCacheSize                    = 251658240                              {pd product} {ergonomic}
     bool SegmentedCodeCache                       = true                                      {product} {ergonomic}
   size_t SoftMaxHeapSize                          = 5326766080                             {manageable} {ergonomic}
     bool UseCompressedOops                        = true                           {product lp64_product} {ergonomic}
     bool UseG1GC                                  = true                                      {product} {ergonomic}
     bool UseLargePagesIndividualAllocation        = false                                  {pd product} {ergonomic}

Logging:
Log output configuration:
 #0: stdout all=warning uptime,level,tags foldmultilines=false
 #1: stderr all=off uptime,level,tags foldmultilines=false

Environment Variables:
JAVA_HOME=C:\Program Files\Java\jdk-17.0.12
PATH=D:\3emeA42\app\oracle\product\11.2.0\server\bin;C:\Python312\Scripts\;C:\Python312\;C:\Program Files (x86)\VMware\VMware Workstation\bin\;C:\WINDOWS\system32;C:\WINDOWS;C:\WINDOWS\System32\Wbem;C:\WINDOWS\System32\WindowsPowerShell\v1.0\;C:\WINDOWS\System32\OpenSSH\;C:\ProgramData\chocolatey\bin;C:\Program Files\appache\apache-maven-3.8.4\bin;C:\terraform_1.8.4_windows_386\;C:\Program Files\symfony-cli;D:\3emeA42\CodeBlocks\MinGW\bin;D:\3emeA42\GnuWin32\bin;C:\ProgramData\ComposerSetup\bin;C:\WINDOWS\system32;C:\WINDOWS;C:\WINDOWS\System32\Wbem;C:\WINDOWS\System32\WindowsPowerShell\v1.0\;C:\WINDOWS\System32\OpenSSH\;C:\Program Files\Git\cmd;C:\xamp\php;C:\Program Files\Java\jdk-17.0.12;C:\Users\21658\Downloads\jdk-17.0.12\bin;D:\3emeA42\app\oracle\product\11.2.0\server\bin;C:\Python312\Scripts\;C:\Python312\;C:\Program Files (x86)\VMware\VMware Workstation\bin\;C:\WINDOWS\system32;C:\WINDOWS;C:\WINDOWS\System32\Wbem;C:\WINDOWS\System32\WindowsPowerShell\v1.0\;C:\WINDOWS\System32\OpenSSH\;C:\ProgramData\chocolatey\bin;C:\Program Files\appache\apache-maven-3.8.4\bin;C:\terraform_1.8.4_windows_386\;C:\Program Files\symfony-cli;D:\3emeA42\CodeBlocks\MinGW\bin;D:\3emeA42\GnuWin32\bin;C:\ProgramData\ComposerSetup\bin;C:\WINDOWS\system32;C:\WINDOWS;C:\WINDOWS\System32\Wbem;C:\WINDOWS\System32\WindowsPowerShell\v1.0\;C:\WINDOWS\System32\OpenSSH\;C:\Program Files\Git\cmd;C:\xamp\php;C:\Program Files\Java\jdk-17.0.12\bin;C:\Users\21658\Downloads\openjfx-17.0.14_windows-x64_bin-sdk.zip\javafx-sdk-17.0.14\lib;C:\WINDOWS\system32\config\systemprofile\AppData\Local\Microsoft\WindowsApps;C:\Program Files\JetBrains\IntelliJ IDEA 2023.3.4\bin;C:\Users\21658\AppData\Local\Programs\Microsoft VS Code\bin;
USERNAME=21658
OS=Windows_NT
PROCESSOR_IDENTIFIER=Intel64 Family 6 Model 142 Stepping 12, GenuineIntel
TMP=C:\Users\21658\AppData\Local\Temp
TEMP=C:\Users\21658\AppData\Local\Temp




Periodic native trim disabled

---------------  S Y S T E M  ---------------

OS:
 Windows 11 , 64 bit Build 26100 (10.0.26100.3775)
OS uptime: 0 days 22:03 hours
Hyper-V role detected

CPU: total 4 (initial active 4) (2 cores per cpu, 2 threads per core) family 6 model 142 stepping 12 microcode 0xde, cx8, cmov, fxsr, ht, mmx, 3dnowpref, sse, sse2, sse3, ssse3, sse4.1, sse4.2, popcnt, lzcnt, tsc, tscinvbit, avx, avx2, aes, erms, clmul, bmi1, bmi2, adx, fma, vzeroupper, clflush, clflushopt, hv, rdtscp, f16c
Processor Information for the first 4 processors :
  Max Mhz: 2501, Current Mhz: 2501, Mhz Limit: 2501

Memory: 4k page, system-wide physical 20317M (4197M free)
TotalPageFile size 50703M (AvailPageFile size 6M)
current process WorkingSet (physical memory assigned to process): 13M, peak: 13M
current process commit charge ("private bytes"): 52M, peak: 372M

vm_info: OpenJDK 64-Bit Server VM (23.0.2+7-FR) for windows-amd64 JRE (23.0.2+7-FR), built on 2025-01-07T22:59:58Z with MS VC++ 16.10 / 16.11 (VS2019)

END.
